Command line:
   regBank_isim_beh.exe
     -simmode  gui
     -simrunnum  0
     -socket  50533

Fri Nov 08 15:15:20 2019


 Elaboration Time: 0.078125 sec

 Current Memory Usage: 5160.49 Meg

 Total Signals          : 24
 Total Nets             : 255
 Total Signal Drivers   : 8
 Total Blocks           : 2
 Total Primitive Blocks : 2
 Total Processes        : 12
 Total Traceable Variables  : 23
 Total Scalar Nets and Variables : 1437
Total Line Count : 38

 Total Simulation Time: 0.140625 sec

 Current Memory Usage: 5003.21 Meg

Fri Nov 08 15:16:24 2019

