Command line:
   assignInputs_tb_isim_beh.exe
     -simmode  gui
     -simrunnum  0
     -socket  50557

Fri Nov 08 15:18:43 2019


 Elaboration Time: 0.0625 sec

 Current Memory Usage: 5160.45 Meg

 Total Signals          : 21
 Total Nets             : 175
 Total Signal Drivers   : 13
 Total Blocks           : 3
 Total Primitive Blocks : 2
 Total Processes        : 16
 Total Traceable Variables  : 26
 Total Scalar Nets and Variables : 417
Total Line Count : 103

 Total Simulation Time: 0.0625 sec

 Current Memory Usage: 5160.45 Meg

Fri Nov 08 15:18:51 2019

