Release 14.7 - xst P.20131013 (nt64)
Copyright (c) 1995-2013 Xilinx, Inc.  All rights reserved.
--> Parameter TMPDIR set to xst/projnav.tmp


Total REAL time to Xst completion: 0.00 secs
Total CPU time to Xst completion: 0.14 secs
 
--> Parameter xsthdpdir set to xst


Total REAL time to Xst completion: 0.00 secs
Total CPU time to Xst completion: 0.14 secs
 
--> Reading design: branch.prj

TABLE OF CONTENTS
  1) Synthesis Options Summary
  2) HDL Parsing
  3) HDL Elaboration
  4) HDL Synthesis
       4.1) HDL Synthesis Report
  5) Advanced HDL Synthesis
       5.1) Advanced HDL Synthesis Report
  6) Low Level Synthesis
  7) Partition Report
  8) Design Summary
       8.1) Primitive and Black Box Usage
       8.2) Device utilization summary
       8.3) Partition Resource Summary
       8.4) Timing Report
            8.4.1) Clock Information
            8.4.2) Asynchronous Control Signals Information
            8.4.3) Timing Summary
            8.4.4) Timing Details
            8.4.5) Cross Clock Domains Report


=========================================================================
*                      Synthesis Options Summary                        *
=========================================================================
---- Source Parameters
Input File Name                    : "branch.prj"
Ignore Synthesis Constraint File   : NO

---- Target Parameters
Output File Name                   : "branch"
Output Format                      : NGC
Target Device                      : xc7a100t-3-csg324

---- Source Options
Top Module Name                    : branch
Automatic FSM Extraction           : YES
FSM Encoding Algorithm             : Auto
Safe Implementation                : No
FSM Style                          : LUT
RAM Extraction                     : Yes
RAM Style                          : Auto
ROM Extraction                     : Yes
Shift Register Extraction          : YES
ROM Style                          : Auto
Resource Sharing                   : YES
Asynchronous To Synchronous        : NO
Shift Register Minimum Size        : 2
Use DSP Block                      : Auto
Automatic Register Balancing       : No

---- Target Options
LUT Combining                      : Auto
Reduce Control Sets                : Auto
Add IO Buffers                     : YES
Global Maximum Fanout              : 100000
Add Generic Clock Buffer(BUFG)     : 32
Register Duplication               : YES
Optimize Instantiated Primitives   : NO
Use Clock Enable                   : Auto
Use Synchronous Set                : Auto
Use Synchronous Reset              : Auto
Pack IO Registers into IOBs        : Auto
Equivalent register Removal        : YES

---- General Options
Optimization Goal                  : Speed
Optimization Effort                : 1
Power Reduction                    : NO
Keep Hierarchy                     : No
Netlist Hierarchy                  : As_Optimized
RTL Output                         : Yes
Global Optimization                : AllClockNets
Read Cores                         : YES
Write Timing Constraints           : NO
Cross Clock Analysis               : NO
Hierarchy Separator                : /
Bus Delimiter                      : <>
Case Specifier                     : Maintain
Slice Utilization Ratio            : 100
BRAM Utilization Ratio             : 100
DSP48 Utilization Ratio            : 100
Auto BRAM Packing                  : NO
Slice Utilization Ratio Delta      : 5

=========================================================================


=========================================================================
*                          HDL Parsing                                  *
=========================================================================
Analyzing Verilog file "D:\My Study Folder\3rd Year\Sem 5\COA\Lab\Assignment 10\KGP_RISC\ipcore_dir\branch.v" into library work
Parsing module <branch>.

=========================================================================
*                            HDL Elaboration                            *
=========================================================================

Elaborating module <branch>.
WARNING:HDLCompiler:91 - "D:\My Study Folder\3rd Year\Sem 5\COA\Lab\Assignment 10\KGP_RISC\ipcore_dir\branch.v" Line 158: Signal <PC> missing in the sensitivity list is added for synthesis purposes. HDL and post-synthesis simulations may differ as a result.
WARNING:HDLCompiler:91 - "D:\My Study Folder\3rd Year\Sem 5\COA\Lab\Assignment 10\KGP_RISC\ipcore_dir\branch.v" Line 162: Signal <ra> missing in the sensitivity list is added for synthesis purposes. HDL and post-synthesis simulations may differ as a result.

=========================================================================
*                           HDL Synthesis                               *
=========================================================================

Synthesizing Unit <branch>.
    Related source file is "D:\My Study Folder\3rd Year\Sem 5\COA\Lab\Assignment 10\KGP_RISC\ipcore_dir\branch.v".
WARNING:Xst:647 - Input <label<24:10>> is never used. This port will be preserved and left unconnected if it belongs to a top-level block or it belongs to a sub-block and the hierarchy of this sub-block is preserved.
    Found 10-bit 13-to-1 multiplexer for signal <GND_1_o_label[9]_mux_47_OUT> created at line 50.
    Found 1-bit 12-to-1 multiplexer for signal <fcode[3]_PWR_1_o_MUX_52_o> created at line 50.
    Summary:
	inferred  15 Multiplexer(s).
Unit <branch> synthesized.

=========================================================================
HDL Synthesis Report

Macro Statistics
# Multiplexers                                         : 15
 1-bit 12-to-1 multiplexer                             : 1
 1-bit 2-to-1 multiplexer                              : 1
 10-bit 13-to-1 multiplexer                            : 1
 10-bit 2-to-1 multiplexer                             : 10
 32-bit 2-to-1 multiplexer                             : 2

=========================================================================

=========================================================================
*                       Advanced HDL Synthesis                          *
=========================================================================


=========================================================================
Advanced HDL Synthesis Report

Macro Statistics
# Multiplexers                                         : 15
 1-bit 12-to-1 multiplexer                             : 1
 1-bit 2-to-1 multiplexer                              : 1
 10-bit 13-to-1 multiplexer                            : 1
 10-bit 2-to-1 multiplexer                             : 10
 32-bit 2-to-1 multiplexer                             : 2

=========================================================================

=========================================================================
*                         Low Level Synthesis                           *
=========================================================================

Optimizing unit <branch> ...

Mapping all equations...
Building and optimizing final netlist ...
Found area constraint ratio of 100 (+ 5) on block branch, actual ratio is 0.

Final Macro Processing ...

=========================================================================
Final Register Report

Found no macro
=========================================================================

=========================================================================
*                           Partition Report                            *
=========================================================================

Partition Implementation Status
-------------------------------

  No Partitions were found in this design.

-------------------------------

=========================================================================
*                            Design Summary                             *
=========================================================================

Top Level Output File Name         : branch.ngc

Primitive and Black Box Usage:
------------------------------
# BELS                             : 59
#      GND                         : 1
#      LUT3                        : 10
#      LUT4                        : 11
#      LUT5                        : 12
#      LUT6                        : 14
#      MUXF7                       : 11
# IO Buffers                       : 74
#      IBUF                        : 31
#      OBUF                        : 43

Device utilization summary:
---------------------------

Selected Device : 7a100tcsg324-3 


Slice Logic Utilization: 
 Number of Slice LUTs:                   47  out of  63400     0%  
    Number used as Logic:                47  out of  63400     0%  

Slice Logic Distribution: 
 Number of LUT Flip Flop pairs used:     47
   Number with an unused Flip Flop:      47  out of     47   100%  
   Number with an unused LUT:             0  out of     47     0%  
   Number of fully used LUT-FF pairs:     0  out of     47     0%  
   Number of unique control sets:         0

IO Utilization: 
 Number of IOs:                          89
 Number of bonded IOBs:                  74  out of    210    35%  

Specific Feature Utilization:

---------------------------
Partition Resource Summary:
---------------------------

  No Partitions were found in this design.

---------------------------


=========================================================================
Timing Report

NOTE: THESE TIMING NUMBERS ARE ONLY A SYNTHESIS ESTIMATE.
      FOR ACCURATE TIMING INFORMATION PLEASE REFER TO THE TRACE REPORT
      GENERATED AFTER PLACE-and-ROUTE.

Clock Information:
------------------
No clock signals found in this design

Asynchronous Control Signals Information:
----------------------------------------
No asynchronous control signals found in this design

Timing Summary:
---------------
Speed Grade: -3

   Minimum period: No path found
   Minimum input arrival time before clock: No path found
   Maximum output required time after clock: No path found
   Maximum combinational path delay: 2.527ns

Timing Details:
---------------
All values displayed in nanoseconds (ns)

=========================================================================
Timing constraint: Default path analysis
  Total number of paths / destination ports: 381 / 21
-------------------------------------------------------------------------
Delay:               2.527ns (Levels of Logic = 5)
  Source:            fcode<1> (PAD)
  Destination:       exNPC<9> (PAD)

  Data Path: fcode<1> to exNPC<9>
                                Gate     Net
    Cell:in->out      fanout   Delay   Delay  Logical Name (Net Name)
    ----------------------------------------  ------------
     IBUF:I->O            24   0.001   0.795  fcode_1_IBUF (fcode_1_IBUF)
     LUT6:I0->O           11   0.097   0.740  Mmux_exNPC1121 (Mmux_exNPC112)
     LUT6:I0->O           10   0.097   0.421  Mmux_exNPC111 (Mmux_exNPC11)
     LUT4:I2->O            1   0.097   0.279  Mmux_exNPC21 (exNPC_1_OBUF)
     OBUF:I->O                 0.000          exNPC_1_OBUF (exNPC<1>)
    ----------------------------------------
    Total                      2.527ns (0.292ns logic, 2.235ns route)
                                       (11.6% logic, 88.4% route)

=========================================================================

Cross Clock Domains Report:
--------------------------

=========================================================================


Total REAL time to Xst completion: 13.00 secs
Total CPU time to Xst completion: 12.75 secs
 
--> 

Total memory usage is 4626084 kilobytes

Number of errors   :    0 (   0 filtered)
Number of warnings :    3 (   0 filtered)
Number of infos    :    0 (   0 filtered)

