Release 14.7 Map P.20131013 (nt64)
Xilinx Mapping Report File for Design 'KGP_RISC'

Design Information
------------------
Command Line   : map -intstyle ise -p xc7a100t-csg324-3 -w -logic_opt off -ol
high -t 1 -xt 0 -register_duplication off -r 4 -mt off -ir off -pr off -lc off
-power off -o KGP_RISC_map.ncd KGP_RISC.ngd KGP_RISC.pcf 
Target Device  : xc7a100t
Target Package : csg324
Target Speed   : -3
Mapper Version : artix7 -- $Revision: 1.55 $
Mapped Date    : Wed Nov 13 01:48:57 2019

Design Summary
--------------
Number of errors:      0
Number of warnings:    1
Slice Logic Utilization:
  Number of Slice Registers:                 2,157 out of 126,800    1%
    Number used as Flip Flops:               1,169
    Number used as Latches:                      0
    Number used as Latch-thrus:                  0
    Number used as AND/OR logics:              988
  Number of Slice LUTs:                      5,655 out of  63,400    8%
    Number used as logic:                    5,625 out of  63,400    8%
      Number using O6 output only:           2,595
      Number using O5 output only:             813
      Number using O5 and O6:                2,217
      Number used as ROM:                        0
    Number used as Memory:                       0 out of  19,000    0%
    Number used exclusively as route-thrus:     30
      Number with same-slice register load:      0
      Number with same-slice carry load:        30
      Number with other load:                    0

Slice Logic Distribution:
  Number of occupied Slices:                 1,802 out of  15,850   11%
  Number of LUT Flip Flop pairs used:        5,671
    Number with an unused Flip Flop:         4,018 out of   5,671   70%
    Number with an unused LUT:                  16 out of   5,671    1%
    Number of fully used LUT-FF pairs:       1,637 out of   5,671   28%
    Number of unique control sets:               5
    Number of slice register sites lost
      to control set restrictions:               7 out of 126,800    1%

  A LUT Flip Flop pair for this architecture represents one LUT paired with
  one Flip Flop within a slice.  A control set is a unique combination of
  clock, reset, set, and enable signals for a registered element.
  The Slice Logic Distribution report is not meaningful if the design is
  over-mapped for a non-slice resource or if Placement fails.
  OVERMAPPING of BRAM resources should be ignored if the design is
  over-mapped for a non-BRAM resource or if placement fails.

IO Utilization:
  Number of bonded IOBs:                        18 out of     210    8%
    Number of LOCed IOBs:                       18 out of      18  100%

Specific Feature Utilization:
  Number of RAMB36E1/FIFO36E1s:                  0 out of     135    0%
  Number of RAMB18E1/FIFO18E1s:                 32 out of     270   11%
    Number using RAMB18E1 only:                 32
    Number using FIFO18E1 only:                  0
  Number of BUFG/BUFGCTRLs:                      1 out of      32    3%
    Number used as BUFGs:                        1
    Number used as BUFGCTRLs:                    0
  Number of IDELAYE2/IDELAYE2_FINEDELAYs:        0 out of     300    0%
  Number of ILOGICE2/ILOGICE3/ISERDESE2s:        0 out of     300    0%
  Number of ODELAYE2/ODELAYE2_FINEDELAYs:        0
  Number of OLOGICE2/OLOGICE3/OSERDESE2s:        0 out of     300    0%
  Number of PHASER_IN/PHASER_IN_PHYs:            0 out of      24    0%
  Number of PHASER_OUT/PHASER_OUT_PHYs:          0 out of      24    0%
  Number of BSCANs:                              0 out of       4    0%
  Number of BUFHCEs:                             0 out of      96    0%
  Number of BUFRs:                               0 out of      24    0%
  Number of CAPTUREs:                            0 out of       1    0%
  Number of DNA_PORTs:                           0 out of       1    0%
  Number of DSP48E1s:                            0 out of     240    0%
  Number of EFUSE_USRs:                          0 out of       1    0%
  Number of FRAME_ECCs:                          0 out of       1    0%
  Number of IBUFDS_GTE2s:                        0 out of       4    0%
  Number of ICAPs:                               0 out of       2    0%
  Number of IDELAYCTRLs:                         0 out of       6    0%
  Number of IN_FIFOs:                            0 out of      24    0%
  Number of MMCME2_ADVs:                         0 out of       6    0%
  Number of OUT_FIFOs:                           0 out of      24    0%
  Number of PCIE_2_1s:                           0 out of       1    0%
  Number of PHASER_REFs:                         0 out of       6    0%
  Number of PHY_CONTROLs:                        0 out of       6    0%
  Number of PLLE2_ADVs:                          0 out of       6    0%
  Number of STARTUPs:                            0 out of       1    0%
  Number of XADCs:                               0 out of       1    0%

Average Fanout of Non-Clock Nets:                3.37

Peak Memory Usage:  5144 MB
Total REAL time to MAP completion:  3 mins 37 secs 
Total CPU time to MAP completion:   3 mins 10 secs 

Table of Contents
-----------------
Section 1 - Errors
Section 2 - Warnings
Section 3 - Informational
Section 4 - Removed Logic Summary
Section 5 - Removed Logic
Section 6 - IOB Properties
Section 7 - RPMs
Section 8 - Guide Report
Section 9 - Area Group and Partition Summary
Section 10 - Timing Report
Section 11 - Configuration String Information
Section 12 - Control Set Information
Section 13 - Utilization by Hierarchy

Section 1 - Errors
------------------

Section 2 - Warnings
--------------------
WARNING:Place:1399 - A clock IOB / BUFGCTRL clock component pair have been found
   that are not placed at an optimal clock IOB / BUFGCTRL site pair. The clock
   IOB component <clk> is placed at site <J15>. The corresponding BUFGCTRL
   component <clk_IBUF_BUFG> is placed at site <BUFGCTRL_X0Y0>. The clock IO can
   use the fast path between the IOB and the Clock Buffer if the IOB is placed
   on a Clock Capable IOB site that has dedicated fast path to BUFGCTRL sites in
   its half of the device (TOP or BOTTOM). You may want to analyze why this
   problem exists and correct it. This is normally an ERROR but the
   CLOCK_DEDICATED_ROUTE constraint was applied on COMP.PIN <clk.PAD> allowing
   your design to continue. This constraint disables all clock placer rules
   related to the specified COMP.PIN. The use of this override is highly
   discouraged as it may lead to very poor timing results. It is recommended
   that this error condition be corrected in the design.

Section 3 - Informational
-------------------------
INFO:LIT:244 - All of the single ended outputs in this design are using slew
   rate limited output drivers. The delay on speed critical single ended outputs
   can be dramatically reduced by designating them as fast outputs.
INFO:Pack:1716 - Initializing temperature to 85.000 Celsius. (default - Range:
   0.000 to 85.000 Celsius)
INFO:Pack:1720 - Initializing voltage to 0.950 Volts. (default - Range: 0.950 to
   1.050 Volts)
INFO:Map:215 - The Interim Design Summary has been generated in the MAP Report
   (.mrp).
INFO:Pack:1650 - Map created a placed design.

Section 4 - Removed Logic Summary
---------------------------------
  30 block(s) removed
 938 block(s) optimized away

Section 5 - Removed Logic
-------------------------

The trimmed logic report below shows the logic removed from your design due to
sourceless or loadless signals, and VCC or ground connections.  If the removal
of a signal or symbol results in the subsequent removal of an additional signal
or symbol, the message explaining that second removal will be indented.  This
indentation will be repeated as a chain of related logic is removed.

To quickly locate the original cause for the removal of a chain of logic, look
above the place where that logic is listed in the trimming report, then locate
the lines that are least indented (begin at the leftmost edge).

Loadless block "alu/Mult_32x32/Madd_p<1087:1024>63" (ROM) removed.
Loadless block "alu/Mult_32x32/Madd_p<1215:1152>63" (ROM) removed.
Loadless block "alu/Mult_32x32/Madd_p<1343:1280>63" (ROM) removed.
Loadless block "alu/Mult_32x32/Madd_p<1471:1408>63" (ROM) removed.
Loadless block "alu/Mult_32x32/Madd_p<1599:1536>63" (ROM) removed.
Loadless block "alu/Mult_32x32/Madd_p<1727:1664>63" (ROM) removed.
Loadless block "alu/Mult_32x32/Madd_p<1855:1792>63" (ROM) removed.
Loadless block "alu/Mult_32x32/Madd_p<191:128>63" (ROM) removed.
Loadless block "alu/Mult_32x32/Madd_p<1983:1920>63" (ROM) removed.
Loadless block "alu/Mult_32x32/Madd_p<319:256>63" (ROM) removed.
Loadless block "alu/Mult_32x32/Madd_p<447:384>63" (ROM) removed.
Loadless block "alu/Mult_32x32/Madd_p<575:512>63" (ROM) removed.
Loadless block "alu/Mult_32x32/Madd_p<703:640>63" (ROM) removed.
Loadless block "alu/Mult_32x32/Madd_p<831:768>63" (ROM) removed.
Loadless block "alu/Mult_32x32/Madd_p<959:896>63" (ROM) removed.
Loadless block "alu/Mult_32x32_unsigned/Madd_p<1087:1024>63" (ROM) removed.
Loadless block "alu/Mult_32x32_unsigned/Madd_p<1215:1152>63" (ROM) removed.
Loadless block "alu/Mult_32x32_unsigned/Madd_p<1343:1280>63" (ROM) removed.
Loadless block "alu/Mult_32x32_unsigned/Madd_p<1471:1408>63" (ROM) removed.
Loadless block "alu/Mult_32x32_unsigned/Madd_p<1599:1536>63" (ROM) removed.
Loadless block "alu/Mult_32x32_unsigned/Madd_p<1727:1664>63" (ROM) removed.
Loadless block "alu/Mult_32x32_unsigned/Madd_p<1855:1792>63" (ROM) removed.
Loadless block "alu/Mult_32x32_unsigned/Madd_p<191:128>63" (ROM) removed.
Loadless block "alu/Mult_32x32_unsigned/Madd_p<1983:1920>63" (ROM) removed.
Loadless block "alu/Mult_32x32_unsigned/Madd_p<319:256>63" (ROM) removed.
Loadless block "alu/Mult_32x32_unsigned/Madd_p<447:384>63" (ROM) removed.
Loadless block "alu/Mult_32x32_unsigned/Madd_p<575:512>63" (ROM) removed.
Loadless block "alu/Mult_32x32_unsigned/Madd_p<703:640>63" (ROM) removed.
Loadless block "alu/Mult_32x32_unsigned/Madd_p<831:768>63" (ROM) removed.
Loadless block "alu/Mult_32x32_unsigned/Madd_p<959:896>63" (ROM) removed.

Optimized Block(s):
TYPE 		BLOCK
GND 		IF/blk_ram/XST_GND
VCC 		IF/blk_ram/XST_VCC
GND 		ROM/XST_GND
VCC 		ROM/XST_VCC
GND 		XST_GND
VCC 		XST_VCC
LUT3 		alu/Mult_32x32/Madd_p<1087:1024>1
   optimized to 0
LUT3 		alu/Mult_32x32/Madd_p<1087:1024>10
   optimized to 0
LUT3 		alu/Mult_32x32/Madd_p<1087:1024>11
   optimized to 0
LUT3 		alu/Mult_32x32/Madd_p<1087:1024>12
   optimized to 0
LUT3 		alu/Mult_32x32/Madd_p<1087:1024>13
   optimized to 0
LUT3 		alu/Mult_32x32/Madd_p<1087:1024>14
   optimized to 0
LUT3 		alu/Mult_32x32/Madd_p<1087:1024>2
   optimized to 0
LUT3 		alu/Mult_32x32/Madd_p<1087:1024>3
   optimized to 0
LUT3 		alu/Mult_32x32/Madd_p<1087:1024>4
   optimized to 0
LUT3 		alu/Mult_32x32/Madd_p<1087:1024>48
   optimized to 0
LUT3 		alu/Mult_32x32/Madd_p<1087:1024>49
   optimized to 0
LUT3 		alu/Mult_32x32/Madd_p<1087:1024>5
   optimized to 0
LUT3 		alu/Mult_32x32/Madd_p<1087:1024>50
   optimized to 0
LUT3 		alu/Mult_32x32/Madd_p<1087:1024>51
   optimized to 0
LUT3 		alu/Mult_32x32/Madd_p<1087:1024>52
   optimized to 0
LUT3 		alu/Mult_32x32/Madd_p<1087:1024>53
   optimized to 0
LUT3 		alu/Mult_32x32/Madd_p<1087:1024>54
   optimized to 0
LUT3 		alu/Mult_32x32/Madd_p<1087:1024>55
   optimized to 0
LUT3 		alu/Mult_32x32/Madd_p<1087:1024>56
   optimized to 0
LUT3 		alu/Mult_32x32/Madd_p<1087:1024>57
   optimized to 0
LUT3 		alu/Mult_32x32/Madd_p<1087:1024>58
   optimized to 0
LUT3 		alu/Mult_32x32/Madd_p<1087:1024>59
   optimized to 0
LUT3 		alu/Mult_32x32/Madd_p<1087:1024>6
   optimized to 0
LUT3 		alu/Mult_32x32/Madd_p<1087:1024>60
   optimized to 0
LUT3 		alu/Mult_32x32/Madd_p<1087:1024>61
   optimized to 0
LUT3 		alu/Mult_32x32/Madd_p<1087:1024>62
   optimized to 0
LUT3 		alu/Mult_32x32/Madd_p<1087:1024>7
   optimized to 0
LUT3 		alu/Mult_32x32/Madd_p<1087:1024>8
   optimized to 0
LUT3 		alu/Mult_32x32/Madd_p<1087:1024>9
   optimized to 0
LUT3 		alu/Mult_32x32/Madd_p<1215:1152>1
   optimized to 0
LUT3 		alu/Mult_32x32/Madd_p<1215:1152>10
   optimized to 0
LUT3 		alu/Mult_32x32/Madd_p<1215:1152>11
   optimized to 0
LUT3 		alu/Mult_32x32/Madd_p<1215:1152>12
   optimized to 0
LUT3 		alu/Mult_32x32/Madd_p<1215:1152>13
   optimized to 0
LUT3 		alu/Mult_32x32/Madd_p<1215:1152>14
   optimized to 0
LUT3 		alu/Mult_32x32/Madd_p<1215:1152>15
   optimized to 0
LUT3 		alu/Mult_32x32/Madd_p<1215:1152>16
   optimized to 0
LUT3 		alu/Mult_32x32/Madd_p<1215:1152>2
   optimized to 0
LUT3 		alu/Mult_32x32/Madd_p<1215:1152>3
   optimized to 0
LUT3 		alu/Mult_32x32/Madd_p<1215:1152>4
   optimized to 0
LUT3 		alu/Mult_32x32/Madd_p<1215:1152>5
   optimized to 0
LUT3 		alu/Mult_32x32/Madd_p<1215:1152>50
   optimized to 0
LUT3 		alu/Mult_32x32/Madd_p<1215:1152>51
   optimized to 0
LUT3 		alu/Mult_32x32/Madd_p<1215:1152>52
   optimized to 0
LUT3 		alu/Mult_32x32/Madd_p<1215:1152>53
   optimized to 0
LUT3 		alu/Mult_32x32/Madd_p<1215:1152>54
   optimized to 0
LUT3 		alu/Mult_32x32/Madd_p<1215:1152>55
   optimized to 0
LUT3 		alu/Mult_32x32/Madd_p<1215:1152>56
   optimized to 0
LUT3 		alu/Mult_32x32/Madd_p<1215:1152>57
   optimized to 0
LUT3 		alu/Mult_32x32/Madd_p<1215:1152>58
   optimized to 0
LUT3 		alu/Mult_32x32/Madd_p<1215:1152>59
   optimized to 0
LUT3 		alu/Mult_32x32/Madd_p<1215:1152>6
   optimized to 0
LUT3 		alu/Mult_32x32/Madd_p<1215:1152>60
   optimized to 0
LUT3 		alu/Mult_32x32/Madd_p<1215:1152>61
   optimized to 0
LUT3 		alu/Mult_32x32/Madd_p<1215:1152>62
   optimized to 0
LUT3 		alu/Mult_32x32/Madd_p<1215:1152>7
   optimized to 0
LUT3 		alu/Mult_32x32/Madd_p<1215:1152>8
   optimized to 0
LUT3 		alu/Mult_32x32/Madd_p<1215:1152>9
   optimized to 0
LUT3 		alu/Mult_32x32/Madd_p<1343:1280>1
   optimized to 0
LUT3 		alu/Mult_32x32/Madd_p<1343:1280>10
   optimized to 0
LUT3 		alu/Mult_32x32/Madd_p<1343:1280>11
   optimized to 0
LUT3 		alu/Mult_32x32/Madd_p<1343:1280>12
   optimized to 0
LUT3 		alu/Mult_32x32/Madd_p<1343:1280>13
   optimized to 0
LUT3 		alu/Mult_32x32/Madd_p<1343:1280>14
   optimized to 0
LUT3 		alu/Mult_32x32/Madd_p<1343:1280>15
   optimized to 0
LUT3 		alu/Mult_32x32/Madd_p<1343:1280>16
   optimized to 0
LUT3 		alu/Mult_32x32/Madd_p<1343:1280>17
   optimized to 0
LUT3 		alu/Mult_32x32/Madd_p<1343:1280>18
   optimized to 0
LUT3 		alu/Mult_32x32/Madd_p<1343:1280>2
   optimized to 0
LUT3 		alu/Mult_32x32/Madd_p<1343:1280>3
   optimized to 0
LUT3 		alu/Mult_32x32/Madd_p<1343:1280>4
   optimized to 0
LUT3 		alu/Mult_32x32/Madd_p<1343:1280>5
   optimized to 0
LUT3 		alu/Mult_32x32/Madd_p<1343:1280>52
   optimized to 0
LUT3 		alu/Mult_32x32/Madd_p<1343:1280>53
   optimized to 0
LUT3 		alu/Mult_32x32/Madd_p<1343:1280>54
   optimized to 0
LUT3 		alu/Mult_32x32/Madd_p<1343:1280>55
   optimized to 0
LUT3 		alu/Mult_32x32/Madd_p<1343:1280>56
   optimized to 0
LUT3 		alu/Mult_32x32/Madd_p<1343:1280>57
   optimized to 0
LUT3 		alu/Mult_32x32/Madd_p<1343:1280>58
   optimized to 0
LUT3 		alu/Mult_32x32/Madd_p<1343:1280>59
   optimized to 0
LUT3 		alu/Mult_32x32/Madd_p<1343:1280>6
   optimized to 0
LUT3 		alu/Mult_32x32/Madd_p<1343:1280>60
   optimized to 0
LUT3 		alu/Mult_32x32/Madd_p<1343:1280>61
   optimized to 0
LUT3 		alu/Mult_32x32/Madd_p<1343:1280>62
   optimized to 0
LUT3 		alu/Mult_32x32/Madd_p<1343:1280>7
   optimized to 0
LUT3 		alu/Mult_32x32/Madd_p<1343:1280>8
   optimized to 0
LUT3 		alu/Mult_32x32/Madd_p<1343:1280>9
   optimized to 0
LUT3 		alu/Mult_32x32/Madd_p<1471:1408>1
   optimized to 0
LUT3 		alu/Mult_32x32/Madd_p<1471:1408>10
   optimized to 0
LUT3 		alu/Mult_32x32/Madd_p<1471:1408>11
   optimized to 0
LUT3 		alu/Mult_32x32/Madd_p<1471:1408>12
   optimized to 0
LUT3 		alu/Mult_32x32/Madd_p<1471:1408>13
   optimized to 0
LUT3 		alu/Mult_32x32/Madd_p<1471:1408>14
   optimized to 0
LUT3 		alu/Mult_32x32/Madd_p<1471:1408>15
   optimized to 0
LUT3 		alu/Mult_32x32/Madd_p<1471:1408>16
   optimized to 0
LUT3 		alu/Mult_32x32/Madd_p<1471:1408>17
   optimized to 0
LUT3 		alu/Mult_32x32/Madd_p<1471:1408>18
   optimized to 0
LUT3 		alu/Mult_32x32/Madd_p<1471:1408>19
   optimized to 0
LUT3 		alu/Mult_32x32/Madd_p<1471:1408>2
   optimized to 0
LUT3 		alu/Mult_32x32/Madd_p<1471:1408>20
   optimized to 0
LUT3 		alu/Mult_32x32/Madd_p<1471:1408>3
   optimized to 0
LUT3 		alu/Mult_32x32/Madd_p<1471:1408>4
   optimized to 0
LUT3 		alu/Mult_32x32/Madd_p<1471:1408>5
   optimized to 0
LUT3 		alu/Mult_32x32/Madd_p<1471:1408>54
   optimized to 0
LUT3 		alu/Mult_32x32/Madd_p<1471:1408>55
   optimized to 0
LUT3 		alu/Mult_32x32/Madd_p<1471:1408>56
   optimized to 0
LUT3 		alu/Mult_32x32/Madd_p<1471:1408>57
   optimized to 0
LUT3 		alu/Mult_32x32/Madd_p<1471:1408>58
   optimized to 0
LUT3 		alu/Mult_32x32/Madd_p<1471:1408>59
   optimized to 0
LUT3 		alu/Mult_32x32/Madd_p<1471:1408>6
   optimized to 0
LUT3 		alu/Mult_32x32/Madd_p<1471:1408>60
   optimized to 0
LUT3 		alu/Mult_32x32/Madd_p<1471:1408>61
   optimized to 0
LUT3 		alu/Mult_32x32/Madd_p<1471:1408>62
   optimized to 0
LUT3 		alu/Mult_32x32/Madd_p<1471:1408>7
   optimized to 0
LUT3 		alu/Mult_32x32/Madd_p<1471:1408>8
   optimized to 0
LUT3 		alu/Mult_32x32/Madd_p<1471:1408>9
   optimized to 0
LUT3 		alu/Mult_32x32/Madd_p<1599:1536>1
   optimized to 0
LUT3 		alu/Mult_32x32/Madd_p<1599:1536>10
   optimized to 0
LUT3 		alu/Mult_32x32/Madd_p<1599:1536>11
   optimized to 0
LUT3 		alu/Mult_32x32/Madd_p<1599:1536>12
   optimized to 0
LUT3 		alu/Mult_32x32/Madd_p<1599:1536>13
   optimized to 0
LUT3 		alu/Mult_32x32/Madd_p<1599:1536>14
   optimized to 0
LUT3 		alu/Mult_32x32/Madd_p<1599:1536>15
   optimized to 0
LUT3 		alu/Mult_32x32/Madd_p<1599:1536>16
   optimized to 0
LUT3 		alu/Mult_32x32/Madd_p<1599:1536>17
   optimized to 0
LUT3 		alu/Mult_32x32/Madd_p<1599:1536>18
   optimized to 0
LUT3 		alu/Mult_32x32/Madd_p<1599:1536>19
   optimized to 0
LUT3 		alu/Mult_32x32/Madd_p<1599:1536>2
   optimized to 0
LUT3 		alu/Mult_32x32/Madd_p<1599:1536>20
   optimized to 0
LUT3 		alu/Mult_32x32/Madd_p<1599:1536>21
   optimized to 0
LUT3 		alu/Mult_32x32/Madd_p<1599:1536>22
   optimized to 0
LUT3 		alu/Mult_32x32/Madd_p<1599:1536>3
   optimized to 0
LUT3 		alu/Mult_32x32/Madd_p<1599:1536>4
   optimized to 0
LUT3 		alu/Mult_32x32/Madd_p<1599:1536>5
   optimized to 0
LUT3 		alu/Mult_32x32/Madd_p<1599:1536>56
   optimized to 0
LUT3 		alu/Mult_32x32/Madd_p<1599:1536>57
   optimized to 0
LUT3 		alu/Mult_32x32/Madd_p<1599:1536>58
   optimized to 0
LUT3 		alu/Mult_32x32/Madd_p<1599:1536>59
   optimized to 0
LUT3 		alu/Mult_32x32/Madd_p<1599:1536>6
   optimized to 0
LUT3 		alu/Mult_32x32/Madd_p<1599:1536>60
   optimized to 0
LUT3 		alu/Mult_32x32/Madd_p<1599:1536>61
   optimized to 0
LUT3 		alu/Mult_32x32/Madd_p<1599:1536>62
   optimized to 0
LUT3 		alu/Mult_32x32/Madd_p<1599:1536>7
   optimized to 0
LUT3 		alu/Mult_32x32/Madd_p<1599:1536>8
   optimized to 0
LUT3 		alu/Mult_32x32/Madd_p<1599:1536>9
   optimized to 0
LUT3 		alu/Mult_32x32/Madd_p<1727:1664>1
   optimized to 0
LUT3 		alu/Mult_32x32/Madd_p<1727:1664>10
   optimized to 0
LUT3 		alu/Mult_32x32/Madd_p<1727:1664>11
   optimized to 0
LUT3 		alu/Mult_32x32/Madd_p<1727:1664>12
   optimized to 0
LUT3 		alu/Mult_32x32/Madd_p<1727:1664>13
   optimized to 0
LUT3 		alu/Mult_32x32/Madd_p<1727:1664>14
   optimized to 0
LUT3 		alu/Mult_32x32/Madd_p<1727:1664>15
   optimized to 0
LUT3 		alu/Mult_32x32/Madd_p<1727:1664>16
   optimized to 0
LUT3 		alu/Mult_32x32/Madd_p<1727:1664>17
   optimized to 0
LUT3 		alu/Mult_32x32/Madd_p<1727:1664>18
   optimized to 0
LUT3 		alu/Mult_32x32/Madd_p<1727:1664>19
   optimized to 0
LUT3 		alu/Mult_32x32/Madd_p<1727:1664>2
   optimized to 0
LUT3 		alu/Mult_32x32/Madd_p<1727:1664>20
   optimized to 0
LUT3 		alu/Mult_32x32/Madd_p<1727:1664>21
   optimized to 0
LUT3 		alu/Mult_32x32/Madd_p<1727:1664>22
   optimized to 0
LUT3 		alu/Mult_32x32/Madd_p<1727:1664>23
   optimized to 0
LUT3 		alu/Mult_32x32/Madd_p<1727:1664>24
   optimized to 0
LUT3 		alu/Mult_32x32/Madd_p<1727:1664>3
   optimized to 0
LUT3 		alu/Mult_32x32/Madd_p<1727:1664>4
   optimized to 0
LUT3 		alu/Mult_32x32/Madd_p<1727:1664>5
   optimized to 0
LUT3 		alu/Mult_32x32/Madd_p<1727:1664>58
   optimized to 0
LUT3 		alu/Mult_32x32/Madd_p<1727:1664>59
   optimized to 0
LUT3 		alu/Mult_32x32/Madd_p<1727:1664>6
   optimized to 0
LUT3 		alu/Mult_32x32/Madd_p<1727:1664>60
   optimized to 0
LUT3 		alu/Mult_32x32/Madd_p<1727:1664>61
   optimized to 0
LUT3 		alu/Mult_32x32/Madd_p<1727:1664>62
   optimized to 0
LUT3 		alu/Mult_32x32/Madd_p<1727:1664>7
   optimized to 0
LUT3 		alu/Mult_32x32/Madd_p<1727:1664>8
   optimized to 0
LUT3 		alu/Mult_32x32/Madd_p<1727:1664>9
   optimized to 0
LUT3 		alu/Mult_32x32/Madd_p<1855:1792>1
   optimized to 0
LUT3 		alu/Mult_32x32/Madd_p<1855:1792>10
   optimized to 0
LUT3 		alu/Mult_32x32/Madd_p<1855:1792>11
   optimized to 0
LUT3 		alu/Mult_32x32/Madd_p<1855:1792>12
   optimized to 0
LUT3 		alu/Mult_32x32/Madd_p<1855:1792>13
   optimized to 0
LUT3 		alu/Mult_32x32/Madd_p<1855:1792>14
   optimized to 0
LUT3 		alu/Mult_32x32/Madd_p<1855:1792>15
   optimized to 0
LUT3 		alu/Mult_32x32/Madd_p<1855:1792>16
   optimized to 0
LUT3 		alu/Mult_32x32/Madd_p<1855:1792>17
   optimized to 0
LUT3 		alu/Mult_32x32/Madd_p<1855:1792>18
   optimized to 0
LUT3 		alu/Mult_32x32/Madd_p<1855:1792>19
   optimized to 0
LUT3 		alu/Mult_32x32/Madd_p<1855:1792>2
   optimized to 0
LUT3 		alu/Mult_32x32/Madd_p<1855:1792>20
   optimized to 0
LUT3 		alu/Mult_32x32/Madd_p<1855:1792>21
   optimized to 0
LUT3 		alu/Mult_32x32/Madd_p<1855:1792>22
   optimized to 0
LUT3 		alu/Mult_32x32/Madd_p<1855:1792>23
   optimized to 0
LUT3 		alu/Mult_32x32/Madd_p<1855:1792>24
   optimized to 0
LUT3 		alu/Mult_32x32/Madd_p<1855:1792>25
   optimized to 0
LUT3 		alu/Mult_32x32/Madd_p<1855:1792>26
   optimized to 0
LUT3 		alu/Mult_32x32/Madd_p<1855:1792>3
   optimized to 0
LUT3 		alu/Mult_32x32/Madd_p<1855:1792>4
   optimized to 0
LUT3 		alu/Mult_32x32/Madd_p<1855:1792>5
   optimized to 0
LUT3 		alu/Mult_32x32/Madd_p<1855:1792>6
   optimized to 0
LUT3 		alu/Mult_32x32/Madd_p<1855:1792>60
   optimized to 0
LUT3 		alu/Mult_32x32/Madd_p<1855:1792>61
   optimized to 0
LUT3 		alu/Mult_32x32/Madd_p<1855:1792>62
   optimized to 0
LUT3 		alu/Mult_32x32/Madd_p<1855:1792>7
   optimized to 0
LUT3 		alu/Mult_32x32/Madd_p<1855:1792>8
   optimized to 0
LUT3 		alu/Mult_32x32/Madd_p<1855:1792>9
   optimized to 0
LUT3 		alu/Mult_32x32/Madd_p<191:128>33
   optimized to 0
LUT3 		alu/Mult_32x32/Madd_p<191:128>34
   optimized to 0
LUT3 		alu/Mult_32x32/Madd_p<191:128>35
   optimized to 0
LUT3 		alu/Mult_32x32/Madd_p<191:128>36
   optimized to 0
LUT3 		alu/Mult_32x32/Madd_p<191:128>37
   optimized to 0
LUT3 		alu/Mult_32x32/Madd_p<191:128>38
   optimized to 0
LUT3 		alu/Mult_32x32/Madd_p<191:128>39
   optimized to 0
LUT3 		alu/Mult_32x32/Madd_p<191:128>40
   optimized to 0
LUT3 		alu/Mult_32x32/Madd_p<191:128>41
   optimized to 0
LUT3 		alu/Mult_32x32/Madd_p<191:128>42
   optimized to 0
LUT3 		alu/Mult_32x32/Madd_p<191:128>43
   optimized to 0
LUT3 		alu/Mult_32x32/Madd_p<191:128>44
   optimized to 0
LUT3 		alu/Mult_32x32/Madd_p<191:128>45
   optimized to 0
LUT3 		alu/Mult_32x32/Madd_p<191:128>46
   optimized to 0
LUT3 		alu/Mult_32x32/Madd_p<191:128>47
   optimized to 0
LUT3 		alu/Mult_32x32/Madd_p<191:128>48
   optimized to 0
LUT3 		alu/Mult_32x32/Madd_p<191:128>49
   optimized to 0
LUT3 		alu/Mult_32x32/Madd_p<191:128>50
   optimized to 0
LUT3 		alu/Mult_32x32/Madd_p<191:128>51
   optimized to 0
LUT3 		alu/Mult_32x32/Madd_p<191:128>52
   optimized to 0
LUT3 		alu/Mult_32x32/Madd_p<191:128>53
   optimized to 0
LUT3 		alu/Mult_32x32/Madd_p<191:128>54
   optimized to 0
LUT3 		alu/Mult_32x32/Madd_p<191:128>55
   optimized to 0
LUT3 		alu/Mult_32x32/Madd_p<191:128>56
   optimized to 0
LUT3 		alu/Mult_32x32/Madd_p<191:128>57
   optimized to 0
LUT3 		alu/Mult_32x32/Madd_p<191:128>58
   optimized to 0
LUT3 		alu/Mult_32x32/Madd_p<191:128>59
   optimized to 0
LUT3 		alu/Mult_32x32/Madd_p<191:128>60
   optimized to 0
LUT3 		alu/Mult_32x32/Madd_p<191:128>61
   optimized to 0
LUT3 		alu/Mult_32x32/Madd_p<191:128>62
   optimized to 0
LUT4 		alu/Mult_32x32/Madd_p<191:128>_lut<0>34
   optimized to 0
LUT4 		alu/Mult_32x32/Madd_p<191:128>_lut<0>35
   optimized to 0
LUT4 		alu/Mult_32x32/Madd_p<191:128>_lut<0>36
   optimized to 0
LUT4 		alu/Mult_32x32/Madd_p<191:128>_lut<0>37
   optimized to 0
LUT4 		alu/Mult_32x32/Madd_p<191:128>_lut<0>38
   optimized to 0
LUT4 		alu/Mult_32x32/Madd_p<191:128>_lut<0>39
   optimized to 0
LUT4 		alu/Mult_32x32/Madd_p<191:128>_lut<0>40
   optimized to 0
LUT4 		alu/Mult_32x32/Madd_p<191:128>_lut<0>41
   optimized to 0
LUT4 		alu/Mult_32x32/Madd_p<191:128>_lut<0>42
   optimized to 0
LUT4 		alu/Mult_32x32/Madd_p<191:128>_lut<0>43
   optimized to 0
LUT4 		alu/Mult_32x32/Madd_p<191:128>_lut<0>44
   optimized to 0
LUT4 		alu/Mult_32x32/Madd_p<191:128>_lut<0>45
   optimized to 0
LUT4 		alu/Mult_32x32/Madd_p<191:128>_lut<0>46
   optimized to 0
LUT4 		alu/Mult_32x32/Madd_p<191:128>_lut<0>47
   optimized to 0
LUT4 		alu/Mult_32x32/Madd_p<191:128>_lut<0>48
   optimized to 0
LUT4 		alu/Mult_32x32/Madd_p<191:128>_lut<0>49
   optimized to 0
LUT4 		alu/Mult_32x32/Madd_p<191:128>_lut<0>50
   optimized to 0
LUT4 		alu/Mult_32x32/Madd_p<191:128>_lut<0>51
   optimized to 0
LUT4 		alu/Mult_32x32/Madd_p<191:128>_lut<0>52
   optimized to 0
LUT4 		alu/Mult_32x32/Madd_p<191:128>_lut<0>53
   optimized to 0
LUT4 		alu/Mult_32x32/Madd_p<191:128>_lut<0>54
   optimized to 0
LUT4 		alu/Mult_32x32/Madd_p<191:128>_lut<0>55
   optimized to 0
LUT4 		alu/Mult_32x32/Madd_p<191:128>_lut<0>56
   optimized to 0
LUT4 		alu/Mult_32x32/Madd_p<191:128>_lut<0>57
   optimized to 0
LUT4 		alu/Mult_32x32/Madd_p<191:128>_lut<0>58
   optimized to 0
LUT4 		alu/Mult_32x32/Madd_p<191:128>_lut<0>59
   optimized to 0
LUT4 		alu/Mult_32x32/Madd_p<191:128>_lut<0>60
   optimized to 0
LUT4 		alu/Mult_32x32/Madd_p<191:128>_lut<0>61
   optimized to 0
LUT4 		alu/Mult_32x32/Madd_p<191:128>_lut<0>62
   optimized to 0
LUT4 		alu/Mult_32x32/Madd_p<191:128>_lut<0>63
   optimized to 0
LUT3 		alu/Mult_32x32/Madd_p<1983:1920>1
   optimized to 0
LUT3 		alu/Mult_32x32/Madd_p<1983:1920>10
   optimized to 0
LUT3 		alu/Mult_32x32/Madd_p<1983:1920>11
   optimized to 0
LUT3 		alu/Mult_32x32/Madd_p<1983:1920>12
   optimized to 0
LUT3 		alu/Mult_32x32/Madd_p<1983:1920>13
   optimized to 0
LUT3 		alu/Mult_32x32/Madd_p<1983:1920>14
   optimized to 0
LUT3 		alu/Mult_32x32/Madd_p<1983:1920>15
   optimized to 0
LUT3 		alu/Mult_32x32/Madd_p<1983:1920>16
   optimized to 0
LUT3 		alu/Mult_32x32/Madd_p<1983:1920>17
   optimized to 0
LUT3 		alu/Mult_32x32/Madd_p<1983:1920>18
   optimized to 0
LUT3 		alu/Mult_32x32/Madd_p<1983:1920>19
   optimized to 0
LUT3 		alu/Mult_32x32/Madd_p<1983:1920>2
   optimized to 0
LUT3 		alu/Mult_32x32/Madd_p<1983:1920>20
   optimized to 0
LUT3 		alu/Mult_32x32/Madd_p<1983:1920>21
   optimized to 0
LUT3 		alu/Mult_32x32/Madd_p<1983:1920>22
   optimized to 0
LUT3 		alu/Mult_32x32/Madd_p<1983:1920>23
   optimized to 0
LUT3 		alu/Mult_32x32/Madd_p<1983:1920>24
   optimized to 0
LUT3 		alu/Mult_32x32/Madd_p<1983:1920>25
   optimized to 0
LUT3 		alu/Mult_32x32/Madd_p<1983:1920>26
   optimized to 0
LUT3 		alu/Mult_32x32/Madd_p<1983:1920>27
   optimized to 0
LUT3 		alu/Mult_32x32/Madd_p<1983:1920>28
   optimized to 0
LUT3 		alu/Mult_32x32/Madd_p<1983:1920>3
   optimized to 0
LUT3 		alu/Mult_32x32/Madd_p<1983:1920>4
   optimized to 0
LUT3 		alu/Mult_32x32/Madd_p<1983:1920>5
   optimized to 0
LUT3 		alu/Mult_32x32/Madd_p<1983:1920>6
   optimized to 0
LUT3 		alu/Mult_32x32/Madd_p<1983:1920>62
   optimized to 0
LUT3 		alu/Mult_32x32/Madd_p<1983:1920>7
   optimized to 0
LUT3 		alu/Mult_32x32/Madd_p<1983:1920>8
   optimized to 0
LUT3 		alu/Mult_32x32/Madd_p<1983:1920>9
   optimized to 0
LUT3 		alu/Mult_32x32/Madd_p<319:256>1
   optimized to 0
LUT3 		alu/Mult_32x32/Madd_p<319:256>2
   optimized to 0
LUT3 		alu/Mult_32x32/Madd_p<319:256>36
   optimized to 0
LUT3 		alu/Mult_32x32/Madd_p<319:256>37
   optimized to 0
LUT3 		alu/Mult_32x32/Madd_p<319:256>38
   optimized to 0
LUT3 		alu/Mult_32x32/Madd_p<319:256>39
   optimized to 0
LUT3 		alu/Mult_32x32/Madd_p<319:256>40
   optimized to 0
LUT3 		alu/Mult_32x32/Madd_p<319:256>41
   optimized to 0
LUT3 		alu/Mult_32x32/Madd_p<319:256>42
   optimized to 0
LUT3 		alu/Mult_32x32/Madd_p<319:256>43
   optimized to 0
LUT3 		alu/Mult_32x32/Madd_p<319:256>44
   optimized to 0
LUT3 		alu/Mult_32x32/Madd_p<319:256>45
   optimized to 0
LUT3 		alu/Mult_32x32/Madd_p<319:256>46
   optimized to 0
LUT3 		alu/Mult_32x32/Madd_p<319:256>47
   optimized to 0
LUT3 		alu/Mult_32x32/Madd_p<319:256>48
   optimized to 0
LUT3 		alu/Mult_32x32/Madd_p<319:256>49
   optimized to 0
LUT3 		alu/Mult_32x32/Madd_p<319:256>50
   optimized to 0
LUT3 		alu/Mult_32x32/Madd_p<319:256>51
   optimized to 0
LUT3 		alu/Mult_32x32/Madd_p<319:256>52
   optimized to 0
LUT3 		alu/Mult_32x32/Madd_p<319:256>53
   optimized to 0
LUT3 		alu/Mult_32x32/Madd_p<319:256>54
   optimized to 0
LUT3 		alu/Mult_32x32/Madd_p<319:256>55
   optimized to 0
LUT3 		alu/Mult_32x32/Madd_p<319:256>56
   optimized to 0
LUT3 		alu/Mult_32x32/Madd_p<319:256>57
   optimized to 0
LUT3 		alu/Mult_32x32/Madd_p<319:256>58
   optimized to 0
LUT3 		alu/Mult_32x32/Madd_p<319:256>59
   optimized to 0
LUT3 		alu/Mult_32x32/Madd_p<319:256>60
   optimized to 0
LUT3 		alu/Mult_32x32/Madd_p<319:256>61
   optimized to 0
LUT3 		alu/Mult_32x32/Madd_p<319:256>62
   optimized to 0
LUT3 		alu/Mult_32x32/Madd_p<447:384>1
   optimized to 0
LUT3 		alu/Mult_32x32/Madd_p<447:384>2
   optimized to 0
LUT3 		alu/Mult_32x32/Madd_p<447:384>3
   optimized to 0
LUT3 		alu/Mult_32x32/Madd_p<447:384>38
   optimized to 0
LUT3 		alu/Mult_32x32/Madd_p<447:384>39
   optimized to 0
LUT3 		alu/Mult_32x32/Madd_p<447:384>4
   optimized to 0
LUT3 		alu/Mult_32x32/Madd_p<447:384>40
   optimized to 0
LUT3 		alu/Mult_32x32/Madd_p<447:384>41
   optimized to 0
LUT3 		alu/Mult_32x32/Madd_p<447:384>42
   optimized to 0
LUT3 		alu/Mult_32x32/Madd_p<447:384>43
   optimized to 0
LUT3 		alu/Mult_32x32/Madd_p<447:384>44
   optimized to 0
LUT3 		alu/Mult_32x32/Madd_p<447:384>45
   optimized to 0
LUT3 		alu/Mult_32x32/Madd_p<447:384>46
   optimized to 0
LUT3 		alu/Mult_32x32/Madd_p<447:384>47
   optimized to 0
LUT3 		alu/Mult_32x32/Madd_p<447:384>48
   optimized to 0
LUT3 		alu/Mult_32x32/Madd_p<447:384>49
   optimized to 0
LUT3 		alu/Mult_32x32/Madd_p<447:384>50
   optimized to 0
LUT3 		alu/Mult_32x32/Madd_p<447:384>51
   optimized to 0
LUT3 		alu/Mult_32x32/Madd_p<447:384>52
   optimized to 0
LUT3 		alu/Mult_32x32/Madd_p<447:384>53
   optimized to 0
LUT3 		alu/Mult_32x32/Madd_p<447:384>54
   optimized to 0
LUT3 		alu/Mult_32x32/Madd_p<447:384>55
   optimized to 0
LUT3 		alu/Mult_32x32/Madd_p<447:384>56
   optimized to 0
LUT3 		alu/Mult_32x32/Madd_p<447:384>57
   optimized to 0
LUT3 		alu/Mult_32x32/Madd_p<447:384>58
   optimized to 0
LUT3 		alu/Mult_32x32/Madd_p<447:384>59
   optimized to 0
LUT3 		alu/Mult_32x32/Madd_p<447:384>60
   optimized to 0
LUT3 		alu/Mult_32x32/Madd_p<447:384>61
   optimized to 0
LUT3 		alu/Mult_32x32/Madd_p<447:384>62
   optimized to 0
LUT3 		alu/Mult_32x32/Madd_p<575:512>1
   optimized to 0
LUT3 		alu/Mult_32x32/Madd_p<575:512>2
   optimized to 0
LUT3 		alu/Mult_32x32/Madd_p<575:512>3
   optimized to 0
LUT3 		alu/Mult_32x32/Madd_p<575:512>4
   optimized to 0
LUT3 		alu/Mult_32x32/Madd_p<575:512>40
   optimized to 0
LUT3 		alu/Mult_32x32/Madd_p<575:512>41
   optimized to 0
LUT3 		alu/Mult_32x32/Madd_p<575:512>42
   optimized to 0
LUT3 		alu/Mult_32x32/Madd_p<575:512>43
   optimized to 0
LUT3 		alu/Mult_32x32/Madd_p<575:512>44
   optimized to 0
LUT3 		alu/Mult_32x32/Madd_p<575:512>45
   optimized to 0
LUT3 		alu/Mult_32x32/Madd_p<575:512>46
   optimized to 0
LUT3 		alu/Mult_32x32/Madd_p<575:512>47
   optimized to 0
LUT3 		alu/Mult_32x32/Madd_p<575:512>48
   optimized to 0
LUT3 		alu/Mult_32x32/Madd_p<575:512>49
   optimized to 0
LUT3 		alu/Mult_32x32/Madd_p<575:512>5
   optimized to 0
LUT3 		alu/Mult_32x32/Madd_p<575:512>50
   optimized to 0
LUT3 		alu/Mult_32x32/Madd_p<575:512>51
   optimized to 0
LUT3 		alu/Mult_32x32/Madd_p<575:512>52
   optimized to 0
LUT3 		alu/Mult_32x32/Madd_p<575:512>53
   optimized to 0
LUT3 		alu/Mult_32x32/Madd_p<575:512>54
   optimized to 0
LUT3 		alu/Mult_32x32/Madd_p<575:512>55
   optimized to 0
LUT3 		alu/Mult_32x32/Madd_p<575:512>56
   optimized to 0
LUT3 		alu/Mult_32x32/Madd_p<575:512>57
   optimized to 0
LUT3 		alu/Mult_32x32/Madd_p<575:512>58
   optimized to 0
LUT3 		alu/Mult_32x32/Madd_p<575:512>59
   optimized to 0
LUT3 		alu/Mult_32x32/Madd_p<575:512>6
   optimized to 0
LUT3 		alu/Mult_32x32/Madd_p<575:512>60
   optimized to 0
LUT3 		alu/Mult_32x32/Madd_p<575:512>61
   optimized to 0
LUT3 		alu/Mult_32x32/Madd_p<575:512>62
   optimized to 0
LUT3 		alu/Mult_32x32/Madd_p<703:640>1
   optimized to 0
LUT3 		alu/Mult_32x32/Madd_p<703:640>2
   optimized to 0
LUT3 		alu/Mult_32x32/Madd_p<703:640>3
   optimized to 0
LUT3 		alu/Mult_32x32/Madd_p<703:640>4
   optimized to 0
LUT3 		alu/Mult_32x32/Madd_p<703:640>42
   optimized to 0
LUT3 		alu/Mult_32x32/Madd_p<703:640>43
   optimized to 0
LUT3 		alu/Mult_32x32/Madd_p<703:640>44
   optimized to 0
LUT3 		alu/Mult_32x32/Madd_p<703:640>45
   optimized to 0
LUT3 		alu/Mult_32x32/Madd_p<703:640>46
   optimized to 0
LUT3 		alu/Mult_32x32/Madd_p<703:640>47
   optimized to 0
LUT3 		alu/Mult_32x32/Madd_p<703:640>48
   optimized to 0
LUT3 		alu/Mult_32x32/Madd_p<703:640>49
   optimized to 0
LUT3 		alu/Mult_32x32/Madd_p<703:640>5
   optimized to 0
LUT3 		alu/Mult_32x32/Madd_p<703:640>50
   optimized to 0
LUT3 		alu/Mult_32x32/Madd_p<703:640>51
   optimized to 0
LUT3 		alu/Mult_32x32/Madd_p<703:640>52
   optimized to 0
LUT3 		alu/Mult_32x32/Madd_p<703:640>53
   optimized to 0
LUT3 		alu/Mult_32x32/Madd_p<703:640>54
   optimized to 0
LUT3 		alu/Mult_32x32/Madd_p<703:640>55
   optimized to 0
LUT3 		alu/Mult_32x32/Madd_p<703:640>56
   optimized to 0
LUT3 		alu/Mult_32x32/Madd_p<703:640>57
   optimized to 0
LUT3 		alu/Mult_32x32/Madd_p<703:640>58
   optimized to 0
LUT3 		alu/Mult_32x32/Madd_p<703:640>59
   optimized to 0
LUT3 		alu/Mult_32x32/Madd_p<703:640>6
   optimized to 0
LUT3 		alu/Mult_32x32/Madd_p<703:640>60
   optimized to 0
LUT3 		alu/Mult_32x32/Madd_p<703:640>61
   optimized to 0
LUT3 		alu/Mult_32x32/Madd_p<703:640>62
   optimized to 0
LUT3 		alu/Mult_32x32/Madd_p<703:640>7
   optimized to 0
LUT3 		alu/Mult_32x32/Madd_p<703:640>8
   optimized to 0
LUT3 		alu/Mult_32x32/Madd_p<831:768>1
   optimized to 0
LUT3 		alu/Mult_32x32/Madd_p<831:768>10
   optimized to 0
LUT3 		alu/Mult_32x32/Madd_p<831:768>2
   optimized to 0
LUT3 		alu/Mult_32x32/Madd_p<831:768>3
   optimized to 0
LUT3 		alu/Mult_32x32/Madd_p<831:768>4
   optimized to 0
LUT3 		alu/Mult_32x32/Madd_p<831:768>44
   optimized to 0
LUT3 		alu/Mult_32x32/Madd_p<831:768>45
   optimized to 0
LUT3 		alu/Mult_32x32/Madd_p<831:768>46
   optimized to 0
LUT3 		alu/Mult_32x32/Madd_p<831:768>47
   optimized to 0
LUT3 		alu/Mult_32x32/Madd_p<831:768>48
   optimized to 0
LUT3 		alu/Mult_32x32/Madd_p<831:768>49
   optimized to 0
LUT3 		alu/Mult_32x32/Madd_p<831:768>5
   optimized to 0
LUT3 		alu/Mult_32x32/Madd_p<831:768>50
   optimized to 0
LUT3 		alu/Mult_32x32/Madd_p<831:768>51
   optimized to 0
LUT3 		alu/Mult_32x32/Madd_p<831:768>52
   optimized to 0
LUT3 		alu/Mult_32x32/Madd_p<831:768>53
   optimized to 0
LUT3 		alu/Mult_32x32/Madd_p<831:768>54
   optimized to 0
LUT3 		alu/Mult_32x32/Madd_p<831:768>55
   optimized to 0
LUT3 		alu/Mult_32x32/Madd_p<831:768>56
   optimized to 0
LUT3 		alu/Mult_32x32/Madd_p<831:768>57
   optimized to 0
LUT3 		alu/Mult_32x32/Madd_p<831:768>58
   optimized to 0
LUT3 		alu/Mult_32x32/Madd_p<831:768>59
   optimized to 0
LUT3 		alu/Mult_32x32/Madd_p<831:768>6
   optimized to 0
LUT3 		alu/Mult_32x32/Madd_p<831:768>60
   optimized to 0
LUT3 		alu/Mult_32x32/Madd_p<831:768>61
   optimized to 0
LUT3 		alu/Mult_32x32/Madd_p<831:768>62
   optimized to 0
LUT3 		alu/Mult_32x32/Madd_p<831:768>7
   optimized to 0
LUT3 		alu/Mult_32x32/Madd_p<831:768>8
   optimized to 0
LUT3 		alu/Mult_32x32/Madd_p<831:768>9
   optimized to 0
LUT3 		alu/Mult_32x32/Madd_p<959:896>1
   optimized to 0
LUT3 		alu/Mult_32x32/Madd_p<959:896>10
   optimized to 0
LUT3 		alu/Mult_32x32/Madd_p<959:896>11
   optimized to 0
LUT3 		alu/Mult_32x32/Madd_p<959:896>12
   optimized to 0
LUT3 		alu/Mult_32x32/Madd_p<959:896>2
   optimized to 0
LUT3 		alu/Mult_32x32/Madd_p<959:896>3
   optimized to 0
LUT3 		alu/Mult_32x32/Madd_p<959:896>4
   optimized to 0
LUT3 		alu/Mult_32x32/Madd_p<959:896>46
   optimized to 0
LUT3 		alu/Mult_32x32/Madd_p<959:896>47
   optimized to 0
LUT3 		alu/Mult_32x32/Madd_p<959:896>48
   optimized to 0
LUT3 		alu/Mult_32x32/Madd_p<959:896>49
   optimized to 0
LUT3 		alu/Mult_32x32/Madd_p<959:896>5
   optimized to 0
LUT3 		alu/Mult_32x32/Madd_p<959:896>50
   optimized to 0
LUT3 		alu/Mult_32x32/Madd_p<959:896>51
   optimized to 0
LUT3 		alu/Mult_32x32/Madd_p<959:896>52
   optimized to 0
LUT3 		alu/Mult_32x32/Madd_p<959:896>53
   optimized to 0
LUT3 		alu/Mult_32x32/Madd_p<959:896>54
   optimized to 0
LUT3 		alu/Mult_32x32/Madd_p<959:896>55
   optimized to 0
LUT3 		alu/Mult_32x32/Madd_p<959:896>56
   optimized to 0
LUT3 		alu/Mult_32x32/Madd_p<959:896>57
   optimized to 0
LUT3 		alu/Mult_32x32/Madd_p<959:896>58
   optimized to 0
LUT3 		alu/Mult_32x32/Madd_p<959:896>59
   optimized to 0
LUT3 		alu/Mult_32x32/Madd_p<959:896>6
   optimized to 0
LUT3 		alu/Mult_32x32/Madd_p<959:896>60
   optimized to 0
LUT3 		alu/Mult_32x32/Madd_p<959:896>61
   optimized to 0
LUT3 		alu/Mult_32x32/Madd_p<959:896>62
   optimized to 0
LUT3 		alu/Mult_32x32/Madd_p<959:896>7
   optimized to 0
LUT3 		alu/Mult_32x32/Madd_p<959:896>8
   optimized to 0
LUT3 		alu/Mult_32x32/Madd_p<959:896>9
   optimized to 0
LUT3 		alu/Mult_32x32_unsigned/Madd_p<1087:1024>1
   optimized to 0
LUT3 		alu/Mult_32x32_unsigned/Madd_p<1087:1024>10
   optimized to 0
LUT3 		alu/Mult_32x32_unsigned/Madd_p<1087:1024>11
   optimized to 0
LUT3 		alu/Mult_32x32_unsigned/Madd_p<1087:1024>12
   optimized to 0
LUT3 		alu/Mult_32x32_unsigned/Madd_p<1087:1024>13
   optimized to 0
LUT3 		alu/Mult_32x32_unsigned/Madd_p<1087:1024>14
   optimized to 0
LUT3 		alu/Mult_32x32_unsigned/Madd_p<1087:1024>2
   optimized to 0
LUT3 		alu/Mult_32x32_unsigned/Madd_p<1087:1024>3
   optimized to 0
LUT3 		alu/Mult_32x32_unsigned/Madd_p<1087:1024>4
   optimized to 0
LUT3 		alu/Mult_32x32_unsigned/Madd_p<1087:1024>48
   optimized to 0
LUT3 		alu/Mult_32x32_unsigned/Madd_p<1087:1024>49
   optimized to 0
LUT3 		alu/Mult_32x32_unsigned/Madd_p<1087:1024>5
   optimized to 0
LUT3 		alu/Mult_32x32_unsigned/Madd_p<1087:1024>50
   optimized to 0
LUT3 		alu/Mult_32x32_unsigned/Madd_p<1087:1024>51
   optimized to 0
LUT3 		alu/Mult_32x32_unsigned/Madd_p<1087:1024>52
   optimized to 0
LUT3 		alu/Mult_32x32_unsigned/Madd_p<1087:1024>53
   optimized to 0
LUT3 		alu/Mult_32x32_unsigned/Madd_p<1087:1024>54
   optimized to 0
LUT3 		alu/Mult_32x32_unsigned/Madd_p<1087:1024>55
   optimized to 0
LUT3 		alu/Mult_32x32_unsigned/Madd_p<1087:1024>56
   optimized to 0
LUT3 		alu/Mult_32x32_unsigned/Madd_p<1087:1024>57
   optimized to 0
LUT3 		alu/Mult_32x32_unsigned/Madd_p<1087:1024>58
   optimized to 0
LUT3 		alu/Mult_32x32_unsigned/Madd_p<1087:1024>59
   optimized to 0
LUT3 		alu/Mult_32x32_unsigned/Madd_p<1087:1024>6
   optimized to 0
LUT3 		alu/Mult_32x32_unsigned/Madd_p<1087:1024>60
   optimized to 0
LUT3 		alu/Mult_32x32_unsigned/Madd_p<1087:1024>61
   optimized to 0
LUT3 		alu/Mult_32x32_unsigned/Madd_p<1087:1024>62
   optimized to 0
LUT3 		alu/Mult_32x32_unsigned/Madd_p<1087:1024>7
   optimized to 0
LUT3 		alu/Mult_32x32_unsigned/Madd_p<1087:1024>8
   optimized to 0
LUT3 		alu/Mult_32x32_unsigned/Madd_p<1087:1024>9
   optimized to 0
LUT3 		alu/Mult_32x32_unsigned/Madd_p<1215:1152>1
   optimized to 0
LUT3 		alu/Mult_32x32_unsigned/Madd_p<1215:1152>10
   optimized to 0
LUT3 		alu/Mult_32x32_unsigned/Madd_p<1215:1152>11
   optimized to 0
LUT3 		alu/Mult_32x32_unsigned/Madd_p<1215:1152>12
   optimized to 0
LUT3 		alu/Mult_32x32_unsigned/Madd_p<1215:1152>13
   optimized to 0
LUT3 		alu/Mult_32x32_unsigned/Madd_p<1215:1152>14
   optimized to 0
LUT3 		alu/Mult_32x32_unsigned/Madd_p<1215:1152>15
   optimized to 0
LUT3 		alu/Mult_32x32_unsigned/Madd_p<1215:1152>16
   optimized to 0
LUT3 		alu/Mult_32x32_unsigned/Madd_p<1215:1152>2
   optimized to 0
LUT3 		alu/Mult_32x32_unsigned/Madd_p<1215:1152>3
   optimized to 0
LUT3 		alu/Mult_32x32_unsigned/Madd_p<1215:1152>4
   optimized to 0
LUT3 		alu/Mult_32x32_unsigned/Madd_p<1215:1152>5
   optimized to 0
LUT3 		alu/Mult_32x32_unsigned/Madd_p<1215:1152>50
   optimized to 0
LUT3 		alu/Mult_32x32_unsigned/Madd_p<1215:1152>51
   optimized to 0
LUT3 		alu/Mult_32x32_unsigned/Madd_p<1215:1152>52
   optimized to 0
LUT3 		alu/Mult_32x32_unsigned/Madd_p<1215:1152>53
   optimized to 0
LUT3 		alu/Mult_32x32_unsigned/Madd_p<1215:1152>54
   optimized to 0
LUT3 		alu/Mult_32x32_unsigned/Madd_p<1215:1152>55
   optimized to 0
LUT3 		alu/Mult_32x32_unsigned/Madd_p<1215:1152>56
   optimized to 0
LUT3 		alu/Mult_32x32_unsigned/Madd_p<1215:1152>57
   optimized to 0
LUT3 		alu/Mult_32x32_unsigned/Madd_p<1215:1152>58
   optimized to 0
LUT3 		alu/Mult_32x32_unsigned/Madd_p<1215:1152>59
   optimized to 0
LUT3 		alu/Mult_32x32_unsigned/Madd_p<1215:1152>6
   optimized to 0
LUT3 		alu/Mult_32x32_unsigned/Madd_p<1215:1152>60
   optimized to 0
LUT3 		alu/Mult_32x32_unsigned/Madd_p<1215:1152>61
   optimized to 0
LUT3 		alu/Mult_32x32_unsigned/Madd_p<1215:1152>62
   optimized to 0
LUT3 		alu/Mult_32x32_unsigned/Madd_p<1215:1152>7
   optimized to 0
LUT3 		alu/Mult_32x32_unsigned/Madd_p<1215:1152>8
   optimized to 0
LUT3 		alu/Mult_32x32_unsigned/Madd_p<1215:1152>9
   optimized to 0
LUT3 		alu/Mult_32x32_unsigned/Madd_p<1343:1280>1
   optimized to 0
LUT3 		alu/Mult_32x32_unsigned/Madd_p<1343:1280>10
   optimized to 0
LUT3 		alu/Mult_32x32_unsigned/Madd_p<1343:1280>11
   optimized to 0
LUT3 		alu/Mult_32x32_unsigned/Madd_p<1343:1280>12
   optimized to 0
LUT3 		alu/Mult_32x32_unsigned/Madd_p<1343:1280>13
   optimized to 0
LUT3 		alu/Mult_32x32_unsigned/Madd_p<1343:1280>14
   optimized to 0
LUT3 		alu/Mult_32x32_unsigned/Madd_p<1343:1280>15
   optimized to 0
LUT3 		alu/Mult_32x32_unsigned/Madd_p<1343:1280>16
   optimized to 0
LUT3 		alu/Mult_32x32_unsigned/Madd_p<1343:1280>17
   optimized to 0
LUT3 		alu/Mult_32x32_unsigned/Madd_p<1343:1280>18
   optimized to 0
LUT3 		alu/Mult_32x32_unsigned/Madd_p<1343:1280>2
   optimized to 0
LUT3 		alu/Mult_32x32_unsigned/Madd_p<1343:1280>3
   optimized to 0
LUT3 		alu/Mult_32x32_unsigned/Madd_p<1343:1280>4
   optimized to 0
LUT3 		alu/Mult_32x32_unsigned/Madd_p<1343:1280>5
   optimized to 0
LUT3 		alu/Mult_32x32_unsigned/Madd_p<1343:1280>52
   optimized to 0
LUT3 		alu/Mult_32x32_unsigned/Madd_p<1343:1280>53
   optimized to 0
LUT3 		alu/Mult_32x32_unsigned/Madd_p<1343:1280>54
   optimized to 0
LUT3 		alu/Mult_32x32_unsigned/Madd_p<1343:1280>55
   optimized to 0
LUT3 		alu/Mult_32x32_unsigned/Madd_p<1343:1280>56
   optimized to 0
LUT3 		alu/Mult_32x32_unsigned/Madd_p<1343:1280>57
   optimized to 0
LUT3 		alu/Mult_32x32_unsigned/Madd_p<1343:1280>58
   optimized to 0
LUT3 		alu/Mult_32x32_unsigned/Madd_p<1343:1280>59
   optimized to 0
LUT3 		alu/Mult_32x32_unsigned/Madd_p<1343:1280>6
   optimized to 0
LUT3 		alu/Mult_32x32_unsigned/Madd_p<1343:1280>60
   optimized to 0
LUT3 		alu/Mult_32x32_unsigned/Madd_p<1343:1280>61
   optimized to 0
LUT3 		alu/Mult_32x32_unsigned/Madd_p<1343:1280>62
   optimized to 0
LUT3 		alu/Mult_32x32_unsigned/Madd_p<1343:1280>7
   optimized to 0
LUT3 		alu/Mult_32x32_unsigned/Madd_p<1343:1280>8
   optimized to 0
LUT3 		alu/Mult_32x32_unsigned/Madd_p<1343:1280>9
   optimized to 0
LUT3 		alu/Mult_32x32_unsigned/Madd_p<1471:1408>1
   optimized to 0
LUT3 		alu/Mult_32x32_unsigned/Madd_p<1471:1408>10
   optimized to 0
LUT3 		alu/Mult_32x32_unsigned/Madd_p<1471:1408>11
   optimized to 0
LUT3 		alu/Mult_32x32_unsigned/Madd_p<1471:1408>12
   optimized to 0
LUT3 		alu/Mult_32x32_unsigned/Madd_p<1471:1408>13
   optimized to 0
LUT3 		alu/Mult_32x32_unsigned/Madd_p<1471:1408>14
   optimized to 0
LUT3 		alu/Mult_32x32_unsigned/Madd_p<1471:1408>15
   optimized to 0
LUT3 		alu/Mult_32x32_unsigned/Madd_p<1471:1408>16
   optimized to 0
LUT3 		alu/Mult_32x32_unsigned/Madd_p<1471:1408>17
   optimized to 0
LUT3 		alu/Mult_32x32_unsigned/Madd_p<1471:1408>18
   optimized to 0
LUT3 		alu/Mult_32x32_unsigned/Madd_p<1471:1408>19
   optimized to 0
LUT3 		alu/Mult_32x32_unsigned/Madd_p<1471:1408>2
   optimized to 0
LUT3 		alu/Mult_32x32_unsigned/Madd_p<1471:1408>20
   optimized to 0
LUT3 		alu/Mult_32x32_unsigned/Madd_p<1471:1408>3
   optimized to 0
LUT3 		alu/Mult_32x32_unsigned/Madd_p<1471:1408>4
   optimized to 0
LUT3 		alu/Mult_32x32_unsigned/Madd_p<1471:1408>5
   optimized to 0
LUT3 		alu/Mult_32x32_unsigned/Madd_p<1471:1408>54
   optimized to 0
LUT3 		alu/Mult_32x32_unsigned/Madd_p<1471:1408>55
   optimized to 0
LUT3 		alu/Mult_32x32_unsigned/Madd_p<1471:1408>56
   optimized to 0
LUT3 		alu/Mult_32x32_unsigned/Madd_p<1471:1408>57
   optimized to 0
LUT3 		alu/Mult_32x32_unsigned/Madd_p<1471:1408>58
   optimized to 0
LUT3 		alu/Mult_32x32_unsigned/Madd_p<1471:1408>59
   optimized to 0
LUT3 		alu/Mult_32x32_unsigned/Madd_p<1471:1408>6
   optimized to 0
LUT3 		alu/Mult_32x32_unsigned/Madd_p<1471:1408>60
   optimized to 0
LUT3 		alu/Mult_32x32_unsigned/Madd_p<1471:1408>61
   optimized to 0
LUT3 		alu/Mult_32x32_unsigned/Madd_p<1471:1408>62
   optimized to 0
LUT3 		alu/Mult_32x32_unsigned/Madd_p<1471:1408>7
   optimized to 0
LUT3 		alu/Mult_32x32_unsigned/Madd_p<1471:1408>8
   optimized to 0
LUT3 		alu/Mult_32x32_unsigned/Madd_p<1471:1408>9
   optimized to 0
LUT3 		alu/Mult_32x32_unsigned/Madd_p<1599:1536>1
   optimized to 0
LUT3 		alu/Mult_32x32_unsigned/Madd_p<1599:1536>10
   optimized to 0
LUT3 		alu/Mult_32x32_unsigned/Madd_p<1599:1536>11
   optimized to 0
LUT3 		alu/Mult_32x32_unsigned/Madd_p<1599:1536>12
   optimized to 0
LUT3 		alu/Mult_32x32_unsigned/Madd_p<1599:1536>13
   optimized to 0
LUT3 		alu/Mult_32x32_unsigned/Madd_p<1599:1536>14
   optimized to 0
LUT3 		alu/Mult_32x32_unsigned/Madd_p<1599:1536>15
   optimized to 0
LUT3 		alu/Mult_32x32_unsigned/Madd_p<1599:1536>16
   optimized to 0
LUT3 		alu/Mult_32x32_unsigned/Madd_p<1599:1536>17
   optimized to 0
LUT3 		alu/Mult_32x32_unsigned/Madd_p<1599:1536>18
   optimized to 0
LUT3 		alu/Mult_32x32_unsigned/Madd_p<1599:1536>19
   optimized to 0
LUT3 		alu/Mult_32x32_unsigned/Madd_p<1599:1536>2
   optimized to 0
LUT3 		alu/Mult_32x32_unsigned/Madd_p<1599:1536>20
   optimized to 0
LUT3 		alu/Mult_32x32_unsigned/Madd_p<1599:1536>21
   optimized to 0
LUT3 		alu/Mult_32x32_unsigned/Madd_p<1599:1536>22
   optimized to 0
LUT3 		alu/Mult_32x32_unsigned/Madd_p<1599:1536>3
   optimized to 0
LUT3 		alu/Mult_32x32_unsigned/Madd_p<1599:1536>4
   optimized to 0
LUT3 		alu/Mult_32x32_unsigned/Madd_p<1599:1536>5
   optimized to 0
LUT3 		alu/Mult_32x32_unsigned/Madd_p<1599:1536>56
   optimized to 0
LUT3 		alu/Mult_32x32_unsigned/Madd_p<1599:1536>57
   optimized to 0
LUT3 		alu/Mult_32x32_unsigned/Madd_p<1599:1536>58
   optimized to 0
LUT3 		alu/Mult_32x32_unsigned/Madd_p<1599:1536>59
   optimized to 0
LUT3 		alu/Mult_32x32_unsigned/Madd_p<1599:1536>6
   optimized to 0
LUT3 		alu/Mult_32x32_unsigned/Madd_p<1599:1536>60
   optimized to 0
LUT3 		alu/Mult_32x32_unsigned/Madd_p<1599:1536>61
   optimized to 0
LUT3 		alu/Mult_32x32_unsigned/Madd_p<1599:1536>62
   optimized to 0
LUT3 		alu/Mult_32x32_unsigned/Madd_p<1599:1536>7
   optimized to 0
LUT3 		alu/Mult_32x32_unsigned/Madd_p<1599:1536>8
   optimized to 0
LUT3 		alu/Mult_32x32_unsigned/Madd_p<1599:1536>9
   optimized to 0
LUT3 		alu/Mult_32x32_unsigned/Madd_p<1727:1664>1
   optimized to 0
LUT3 		alu/Mult_32x32_unsigned/Madd_p<1727:1664>10
   optimized to 0
LUT3 		alu/Mult_32x32_unsigned/Madd_p<1727:1664>11
   optimized to 0
LUT3 		alu/Mult_32x32_unsigned/Madd_p<1727:1664>12
   optimized to 0
LUT3 		alu/Mult_32x32_unsigned/Madd_p<1727:1664>13
   optimized to 0
LUT3 		alu/Mult_32x32_unsigned/Madd_p<1727:1664>14
   optimized to 0
LUT3 		alu/Mult_32x32_unsigned/Madd_p<1727:1664>15
   optimized to 0
LUT3 		alu/Mult_32x32_unsigned/Madd_p<1727:1664>16
   optimized to 0
LUT3 		alu/Mult_32x32_unsigned/Madd_p<1727:1664>17
   optimized to 0
LUT3 		alu/Mult_32x32_unsigned/Madd_p<1727:1664>18
   optimized to 0
LUT3 		alu/Mult_32x32_unsigned/Madd_p<1727:1664>19
   optimized to 0
LUT3 		alu/Mult_32x32_unsigned/Madd_p<1727:1664>2
   optimized to 0
LUT3 		alu/Mult_32x32_unsigned/Madd_p<1727:1664>20
   optimized to 0
LUT3 		alu/Mult_32x32_unsigned/Madd_p<1727:1664>21
   optimized to 0
LUT3 		alu/Mult_32x32_unsigned/Madd_p<1727:1664>22
   optimized to 0
LUT3 		alu/Mult_32x32_unsigned/Madd_p<1727:1664>23
   optimized to 0
LUT3 		alu/Mult_32x32_unsigned/Madd_p<1727:1664>24
   optimized to 0
LUT3 		alu/Mult_32x32_unsigned/Madd_p<1727:1664>3
   optimized to 0
LUT3 		alu/Mult_32x32_unsigned/Madd_p<1727:1664>4
   optimized to 0
LUT3 		alu/Mult_32x32_unsigned/Madd_p<1727:1664>5
   optimized to 0
LUT3 		alu/Mult_32x32_unsigned/Madd_p<1727:1664>58
   optimized to 0
LUT3 		alu/Mult_32x32_unsigned/Madd_p<1727:1664>59
   optimized to 0
LUT3 		alu/Mult_32x32_unsigned/Madd_p<1727:1664>6
   optimized to 0
LUT3 		alu/Mult_32x32_unsigned/Madd_p<1727:1664>60
   optimized to 0
LUT3 		alu/Mult_32x32_unsigned/Madd_p<1727:1664>61
   optimized to 0
LUT3 		alu/Mult_32x32_unsigned/Madd_p<1727:1664>62
   optimized to 0
LUT3 		alu/Mult_32x32_unsigned/Madd_p<1727:1664>7
   optimized to 0
LUT3 		alu/Mult_32x32_unsigned/Madd_p<1727:1664>8
   optimized to 0
LUT3 		alu/Mult_32x32_unsigned/Madd_p<1727:1664>9
   optimized to 0
LUT3 		alu/Mult_32x32_unsigned/Madd_p<1855:1792>1
   optimized to 0
LUT3 		alu/Mult_32x32_unsigned/Madd_p<1855:1792>10
   optimized to 0
LUT3 		alu/Mult_32x32_unsigned/Madd_p<1855:1792>11
   optimized to 0
LUT3 		alu/Mult_32x32_unsigned/Madd_p<1855:1792>12
   optimized to 0
LUT3 		alu/Mult_32x32_unsigned/Madd_p<1855:1792>13
   optimized to 0
LUT3 		alu/Mult_32x32_unsigned/Madd_p<1855:1792>14
   optimized to 0
LUT3 		alu/Mult_32x32_unsigned/Madd_p<1855:1792>15
   optimized to 0
LUT3 		alu/Mult_32x32_unsigned/Madd_p<1855:1792>16
   optimized to 0
LUT3 		alu/Mult_32x32_unsigned/Madd_p<1855:1792>17
   optimized to 0
LUT3 		alu/Mult_32x32_unsigned/Madd_p<1855:1792>18
   optimized to 0
LUT3 		alu/Mult_32x32_unsigned/Madd_p<1855:1792>19
   optimized to 0
LUT3 		alu/Mult_32x32_unsigned/Madd_p<1855:1792>2
   optimized to 0
LUT3 		alu/Mult_32x32_unsigned/Madd_p<1855:1792>20
   optimized to 0
LUT3 		alu/Mult_32x32_unsigned/Madd_p<1855:1792>21
   optimized to 0
LUT3 		alu/Mult_32x32_unsigned/Madd_p<1855:1792>22
   optimized to 0
LUT3 		alu/Mult_32x32_unsigned/Madd_p<1855:1792>23
   optimized to 0
LUT3 		alu/Mult_32x32_unsigned/Madd_p<1855:1792>24
   optimized to 0
LUT3 		alu/Mult_32x32_unsigned/Madd_p<1855:1792>25
   optimized to 0
LUT3 		alu/Mult_32x32_unsigned/Madd_p<1855:1792>26
   optimized to 0
LUT3 		alu/Mult_32x32_unsigned/Madd_p<1855:1792>3
   optimized to 0
LUT3 		alu/Mult_32x32_unsigned/Madd_p<1855:1792>4
   optimized to 0
LUT3 		alu/Mult_32x32_unsigned/Madd_p<1855:1792>5
   optimized to 0
LUT3 		alu/Mult_32x32_unsigned/Madd_p<1855:1792>6
   optimized to 0
LUT3 		alu/Mult_32x32_unsigned/Madd_p<1855:1792>60
   optimized to 0
LUT3 		alu/Mult_32x32_unsigned/Madd_p<1855:1792>61
   optimized to 0
LUT3 		alu/Mult_32x32_unsigned/Madd_p<1855:1792>62
   optimized to 0
LUT3 		alu/Mult_32x32_unsigned/Madd_p<1855:1792>7
   optimized to 0
LUT3 		alu/Mult_32x32_unsigned/Madd_p<1855:1792>8
   optimized to 0
LUT3 		alu/Mult_32x32_unsigned/Madd_p<1855:1792>9
   optimized to 0
LUT3 		alu/Mult_32x32_unsigned/Madd_p<191:128>33
   optimized to 0
LUT3 		alu/Mult_32x32_unsigned/Madd_p<191:128>34
   optimized to 0
LUT3 		alu/Mult_32x32_unsigned/Madd_p<191:128>35
   optimized to 0
LUT3 		alu/Mult_32x32_unsigned/Madd_p<191:128>36
   optimized to 0
LUT3 		alu/Mult_32x32_unsigned/Madd_p<191:128>37
   optimized to 0
LUT3 		alu/Mult_32x32_unsigned/Madd_p<191:128>38
   optimized to 0
LUT3 		alu/Mult_32x32_unsigned/Madd_p<191:128>39
   optimized to 0
LUT3 		alu/Mult_32x32_unsigned/Madd_p<191:128>40
   optimized to 0
LUT3 		alu/Mult_32x32_unsigned/Madd_p<191:128>41
   optimized to 0
LUT3 		alu/Mult_32x32_unsigned/Madd_p<191:128>42
   optimized to 0
LUT3 		alu/Mult_32x32_unsigned/Madd_p<191:128>43
   optimized to 0
LUT3 		alu/Mult_32x32_unsigned/Madd_p<191:128>44
   optimized to 0
LUT3 		alu/Mult_32x32_unsigned/Madd_p<191:128>45
   optimized to 0
LUT3 		alu/Mult_32x32_unsigned/Madd_p<191:128>46
   optimized to 0
LUT3 		alu/Mult_32x32_unsigned/Madd_p<191:128>47
   optimized to 0
LUT3 		alu/Mult_32x32_unsigned/Madd_p<191:128>48
   optimized to 0
LUT3 		alu/Mult_32x32_unsigned/Madd_p<191:128>49
   optimized to 0
LUT3 		alu/Mult_32x32_unsigned/Madd_p<191:128>50
   optimized to 0
LUT3 		alu/Mult_32x32_unsigned/Madd_p<191:128>51
   optimized to 0
LUT3 		alu/Mult_32x32_unsigned/Madd_p<191:128>52
   optimized to 0
LUT3 		alu/Mult_32x32_unsigned/Madd_p<191:128>53
   optimized to 0
LUT3 		alu/Mult_32x32_unsigned/Madd_p<191:128>54
   optimized to 0
LUT3 		alu/Mult_32x32_unsigned/Madd_p<191:128>55
   optimized to 0
LUT3 		alu/Mult_32x32_unsigned/Madd_p<191:128>56
   optimized to 0
LUT3 		alu/Mult_32x32_unsigned/Madd_p<191:128>57
   optimized to 0
LUT3 		alu/Mult_32x32_unsigned/Madd_p<191:128>58
   optimized to 0
LUT3 		alu/Mult_32x32_unsigned/Madd_p<191:128>59
   optimized to 0
LUT3 		alu/Mult_32x32_unsigned/Madd_p<191:128>60
   optimized to 0
LUT3 		alu/Mult_32x32_unsigned/Madd_p<191:128>61
   optimized to 0
LUT3 		alu/Mult_32x32_unsigned/Madd_p<191:128>62
   optimized to 0
LUT4 		alu/Mult_32x32_unsigned/Madd_p<191:128>_lut<0>34
   optimized to 0
LUT4 		alu/Mult_32x32_unsigned/Madd_p<191:128>_lut<0>35
   optimized to 0
LUT4 		alu/Mult_32x32_unsigned/Madd_p<191:128>_lut<0>36
   optimized to 0
LUT4 		alu/Mult_32x32_unsigned/Madd_p<191:128>_lut<0>37
   optimized to 0
LUT4 		alu/Mult_32x32_unsigned/Madd_p<191:128>_lut<0>38
   optimized to 0
LUT4 		alu/Mult_32x32_unsigned/Madd_p<191:128>_lut<0>39
   optimized to 0
LUT4 		alu/Mult_32x32_unsigned/Madd_p<191:128>_lut<0>40
   optimized to 0
LUT4 		alu/Mult_32x32_unsigned/Madd_p<191:128>_lut<0>41
   optimized to 0
LUT4 		alu/Mult_32x32_unsigned/Madd_p<191:128>_lut<0>42
   optimized to 0
LUT4 		alu/Mult_32x32_unsigned/Madd_p<191:128>_lut<0>43
   optimized to 0
LUT4 		alu/Mult_32x32_unsigned/Madd_p<191:128>_lut<0>44
   optimized to 0
LUT4 		alu/Mult_32x32_unsigned/Madd_p<191:128>_lut<0>45
   optimized to 0
LUT4 		alu/Mult_32x32_unsigned/Madd_p<191:128>_lut<0>46
   optimized to 0
LUT4 		alu/Mult_32x32_unsigned/Madd_p<191:128>_lut<0>47
   optimized to 0
LUT4 		alu/Mult_32x32_unsigned/Madd_p<191:128>_lut<0>48
   optimized to 0
LUT4 		alu/Mult_32x32_unsigned/Madd_p<191:128>_lut<0>49
   optimized to 0
LUT4 		alu/Mult_32x32_unsigned/Madd_p<191:128>_lut<0>50
   optimized to 0
LUT4 		alu/Mult_32x32_unsigned/Madd_p<191:128>_lut<0>51
   optimized to 0
LUT4 		alu/Mult_32x32_unsigned/Madd_p<191:128>_lut<0>52
   optimized to 0
LUT4 		alu/Mult_32x32_unsigned/Madd_p<191:128>_lut<0>53
   optimized to 0
LUT4 		alu/Mult_32x32_unsigned/Madd_p<191:128>_lut<0>54
   optimized to 0
LUT4 		alu/Mult_32x32_unsigned/Madd_p<191:128>_lut<0>55
   optimized to 0
LUT4 		alu/Mult_32x32_unsigned/Madd_p<191:128>_lut<0>56
   optimized to 0
LUT4 		alu/Mult_32x32_unsigned/Madd_p<191:128>_lut<0>57
   optimized to 0
LUT4 		alu/Mult_32x32_unsigned/Madd_p<191:128>_lut<0>58
   optimized to 0
LUT4 		alu/Mult_32x32_unsigned/Madd_p<191:128>_lut<0>59
   optimized to 0
LUT4 		alu/Mult_32x32_unsigned/Madd_p<191:128>_lut<0>60
   optimized to 0
LUT4 		alu/Mult_32x32_unsigned/Madd_p<191:128>_lut<0>61
   optimized to 0
LUT4 		alu/Mult_32x32_unsigned/Madd_p<191:128>_lut<0>62
   optimized to 0
LUT4 		alu/Mult_32x32_unsigned/Madd_p<191:128>_lut<0>63
   optimized to 0
LUT3 		alu/Mult_32x32_unsigned/Madd_p<1983:1920>1
   optimized to 0
LUT3 		alu/Mult_32x32_unsigned/Madd_p<1983:1920>10
   optimized to 0
LUT3 		alu/Mult_32x32_unsigned/Madd_p<1983:1920>11
   optimized to 0
LUT3 		alu/Mult_32x32_unsigned/Madd_p<1983:1920>12
   optimized to 0
LUT3 		alu/Mult_32x32_unsigned/Madd_p<1983:1920>13
   optimized to 0
LUT3 		alu/Mult_32x32_unsigned/Madd_p<1983:1920>14
   optimized to 0
LUT3 		alu/Mult_32x32_unsigned/Madd_p<1983:1920>15
   optimized to 0
LUT3 		alu/Mult_32x32_unsigned/Madd_p<1983:1920>16
   optimized to 0
LUT3 		alu/Mult_32x32_unsigned/Madd_p<1983:1920>17
   optimized to 0
LUT3 		alu/Mult_32x32_unsigned/Madd_p<1983:1920>18
   optimized to 0
LUT3 		alu/Mult_32x32_unsigned/Madd_p<1983:1920>19
   optimized to 0
LUT3 		alu/Mult_32x32_unsigned/Madd_p<1983:1920>2
   optimized to 0
LUT3 		alu/Mult_32x32_unsigned/Madd_p<1983:1920>20
   optimized to 0
LUT3 		alu/Mult_32x32_unsigned/Madd_p<1983:1920>21
   optimized to 0
LUT3 		alu/Mult_32x32_unsigned/Madd_p<1983:1920>22
   optimized to 0
LUT3 		alu/Mult_32x32_unsigned/Madd_p<1983:1920>23
   optimized to 0
LUT3 		alu/Mult_32x32_unsigned/Madd_p<1983:1920>24
   optimized to 0
LUT3 		alu/Mult_32x32_unsigned/Madd_p<1983:1920>25
   optimized to 0
LUT3 		alu/Mult_32x32_unsigned/Madd_p<1983:1920>26
   optimized to 0
LUT3 		alu/Mult_32x32_unsigned/Madd_p<1983:1920>27
   optimized to 0
LUT3 		alu/Mult_32x32_unsigned/Madd_p<1983:1920>28
   optimized to 0
LUT3 		alu/Mult_32x32_unsigned/Madd_p<1983:1920>3
   optimized to 0
LUT3 		alu/Mult_32x32_unsigned/Madd_p<1983:1920>4
   optimized to 0
LUT3 		alu/Mult_32x32_unsigned/Madd_p<1983:1920>5
   optimized to 0
LUT3 		alu/Mult_32x32_unsigned/Madd_p<1983:1920>6
   optimized to 0
LUT3 		alu/Mult_32x32_unsigned/Madd_p<1983:1920>62
   optimized to 0
LUT3 		alu/Mult_32x32_unsigned/Madd_p<1983:1920>7
   optimized to 0
LUT3 		alu/Mult_32x32_unsigned/Madd_p<1983:1920>8
   optimized to 0
LUT3 		alu/Mult_32x32_unsigned/Madd_p<1983:1920>9
   optimized to 0
LUT3 		alu/Mult_32x32_unsigned/Madd_p<319:256>1
   optimized to 0
LUT3 		alu/Mult_32x32_unsigned/Madd_p<319:256>2
   optimized to 0
LUT3 		alu/Mult_32x32_unsigned/Madd_p<319:256>36
   optimized to 0
LUT3 		alu/Mult_32x32_unsigned/Madd_p<319:256>37
   optimized to 0
LUT3 		alu/Mult_32x32_unsigned/Madd_p<319:256>38
   optimized to 0
LUT3 		alu/Mult_32x32_unsigned/Madd_p<319:256>39
   optimized to 0
LUT3 		alu/Mult_32x32_unsigned/Madd_p<319:256>40
   optimized to 0
LUT3 		alu/Mult_32x32_unsigned/Madd_p<319:256>41
   optimized to 0
LUT3 		alu/Mult_32x32_unsigned/Madd_p<319:256>42
   optimized to 0
LUT3 		alu/Mult_32x32_unsigned/Madd_p<319:256>43
   optimized to 0
LUT3 		alu/Mult_32x32_unsigned/Madd_p<319:256>44
   optimized to 0
LUT3 		alu/Mult_32x32_unsigned/Madd_p<319:256>45
   optimized to 0
LUT3 		alu/Mult_32x32_unsigned/Madd_p<319:256>46
   optimized to 0
LUT3 		alu/Mult_32x32_unsigned/Madd_p<319:256>47
   optimized to 0
LUT3 		alu/Mult_32x32_unsigned/Madd_p<319:256>48
   optimized to 0
LUT3 		alu/Mult_32x32_unsigned/Madd_p<319:256>49
   optimized to 0
LUT3 		alu/Mult_32x32_unsigned/Madd_p<319:256>50
   optimized to 0
LUT3 		alu/Mult_32x32_unsigned/Madd_p<319:256>51
   optimized to 0
LUT3 		alu/Mult_32x32_unsigned/Madd_p<319:256>52
   optimized to 0
LUT3 		alu/Mult_32x32_unsigned/Madd_p<319:256>53
   optimized to 0
LUT3 		alu/Mult_32x32_unsigned/Madd_p<319:256>54
   optimized to 0
LUT3 		alu/Mult_32x32_unsigned/Madd_p<319:256>55
   optimized to 0
LUT3 		alu/Mult_32x32_unsigned/Madd_p<319:256>56
   optimized to 0
LUT3 		alu/Mult_32x32_unsigned/Madd_p<319:256>57
   optimized to 0
LUT3 		alu/Mult_32x32_unsigned/Madd_p<319:256>58
   optimized to 0
LUT3 		alu/Mult_32x32_unsigned/Madd_p<319:256>59
   optimized to 0
LUT3 		alu/Mult_32x32_unsigned/Madd_p<319:256>60
   optimized to 0
LUT3 		alu/Mult_32x32_unsigned/Madd_p<319:256>61
   optimized to 0
LUT3 		alu/Mult_32x32_unsigned/Madd_p<319:256>62
   optimized to 0
LUT3 		alu/Mult_32x32_unsigned/Madd_p<447:384>1
   optimized to 0
LUT3 		alu/Mult_32x32_unsigned/Madd_p<447:384>2
   optimized to 0
LUT3 		alu/Mult_32x32_unsigned/Madd_p<447:384>3
   optimized to 0
LUT3 		alu/Mult_32x32_unsigned/Madd_p<447:384>38
   optimized to 0
LUT3 		alu/Mult_32x32_unsigned/Madd_p<447:384>39
   optimized to 0
LUT3 		alu/Mult_32x32_unsigned/Madd_p<447:384>4
   optimized to 0
LUT3 		alu/Mult_32x32_unsigned/Madd_p<447:384>40
   optimized to 0
LUT3 		alu/Mult_32x32_unsigned/Madd_p<447:384>41
   optimized to 0
LUT3 		alu/Mult_32x32_unsigned/Madd_p<447:384>42
   optimized to 0
LUT3 		alu/Mult_32x32_unsigned/Madd_p<447:384>43
   optimized to 0
LUT3 		alu/Mult_32x32_unsigned/Madd_p<447:384>44
   optimized to 0
LUT3 		alu/Mult_32x32_unsigned/Madd_p<447:384>45
   optimized to 0
LUT3 		alu/Mult_32x32_unsigned/Madd_p<447:384>46
   optimized to 0
LUT3 		alu/Mult_32x32_unsigned/Madd_p<447:384>47
   optimized to 0
LUT3 		alu/Mult_32x32_unsigned/Madd_p<447:384>48
   optimized to 0
LUT3 		alu/Mult_32x32_unsigned/Madd_p<447:384>49
   optimized to 0
LUT3 		alu/Mult_32x32_unsigned/Madd_p<447:384>50
   optimized to 0
LUT3 		alu/Mult_32x32_unsigned/Madd_p<447:384>51
   optimized to 0
LUT3 		alu/Mult_32x32_unsigned/Madd_p<447:384>52
   optimized to 0
LUT3 		alu/Mult_32x32_unsigned/Madd_p<447:384>53
   optimized to 0
LUT3 		alu/Mult_32x32_unsigned/Madd_p<447:384>54
   optimized to 0
LUT3 		alu/Mult_32x32_unsigned/Madd_p<447:384>55
   optimized to 0
LUT3 		alu/Mult_32x32_unsigned/Madd_p<447:384>56
   optimized to 0
LUT3 		alu/Mult_32x32_unsigned/Madd_p<447:384>57
   optimized to 0
LUT3 		alu/Mult_32x32_unsigned/Madd_p<447:384>58
   optimized to 0
LUT3 		alu/Mult_32x32_unsigned/Madd_p<447:384>59
   optimized to 0
LUT3 		alu/Mult_32x32_unsigned/Madd_p<447:384>60
   optimized to 0
LUT3 		alu/Mult_32x32_unsigned/Madd_p<447:384>61
   optimized to 0
LUT3 		alu/Mult_32x32_unsigned/Madd_p<447:384>62
   optimized to 0
LUT3 		alu/Mult_32x32_unsigned/Madd_p<575:512>1
   optimized to 0
LUT3 		alu/Mult_32x32_unsigned/Madd_p<575:512>2
   optimized to 0
LUT3 		alu/Mult_32x32_unsigned/Madd_p<575:512>3
   optimized to 0
LUT3 		alu/Mult_32x32_unsigned/Madd_p<575:512>4
   optimized to 0
LUT3 		alu/Mult_32x32_unsigned/Madd_p<575:512>40
   optimized to 0
LUT3 		alu/Mult_32x32_unsigned/Madd_p<575:512>41
   optimized to 0
LUT3 		alu/Mult_32x32_unsigned/Madd_p<575:512>42
   optimized to 0
LUT3 		alu/Mult_32x32_unsigned/Madd_p<575:512>43
   optimized to 0
LUT3 		alu/Mult_32x32_unsigned/Madd_p<575:512>44
   optimized to 0
LUT3 		alu/Mult_32x32_unsigned/Madd_p<575:512>45
   optimized to 0
LUT3 		alu/Mult_32x32_unsigned/Madd_p<575:512>46
   optimized to 0
LUT3 		alu/Mult_32x32_unsigned/Madd_p<575:512>47
   optimized to 0
LUT3 		alu/Mult_32x32_unsigned/Madd_p<575:512>48
   optimized to 0
LUT3 		alu/Mult_32x32_unsigned/Madd_p<575:512>49
   optimized to 0
LUT3 		alu/Mult_32x32_unsigned/Madd_p<575:512>5
   optimized to 0
LUT3 		alu/Mult_32x32_unsigned/Madd_p<575:512>50
   optimized to 0
LUT3 		alu/Mult_32x32_unsigned/Madd_p<575:512>51
   optimized to 0
LUT3 		alu/Mult_32x32_unsigned/Madd_p<575:512>52
   optimized to 0
LUT3 		alu/Mult_32x32_unsigned/Madd_p<575:512>53
   optimized to 0
LUT3 		alu/Mult_32x32_unsigned/Madd_p<575:512>54
   optimized to 0
LUT3 		alu/Mult_32x32_unsigned/Madd_p<575:512>55
   optimized to 0
LUT3 		alu/Mult_32x32_unsigned/Madd_p<575:512>56
   optimized to 0
LUT3 		alu/Mult_32x32_unsigned/Madd_p<575:512>57
   optimized to 0
LUT3 		alu/Mult_32x32_unsigned/Madd_p<575:512>58
   optimized to 0
LUT3 		alu/Mult_32x32_unsigned/Madd_p<575:512>59
   optimized to 0
LUT3 		alu/Mult_32x32_unsigned/Madd_p<575:512>6
   optimized to 0
LUT3 		alu/Mult_32x32_unsigned/Madd_p<575:512>60
   optimized to 0
LUT3 		alu/Mult_32x32_unsigned/Madd_p<575:512>61
   optimized to 0
LUT3 		alu/Mult_32x32_unsigned/Madd_p<575:512>62
   optimized to 0
LUT3 		alu/Mult_32x32_unsigned/Madd_p<703:640>1
   optimized to 0
LUT3 		alu/Mult_32x32_unsigned/Madd_p<703:640>2
   optimized to 0
LUT3 		alu/Mult_32x32_unsigned/Madd_p<703:640>3
   optimized to 0
LUT3 		alu/Mult_32x32_unsigned/Madd_p<703:640>4
   optimized to 0
LUT3 		alu/Mult_32x32_unsigned/Madd_p<703:640>42
   optimized to 0
LUT3 		alu/Mult_32x32_unsigned/Madd_p<703:640>43
   optimized to 0
LUT3 		alu/Mult_32x32_unsigned/Madd_p<703:640>44
   optimized to 0
LUT3 		alu/Mult_32x32_unsigned/Madd_p<703:640>45
   optimized to 0
LUT3 		alu/Mult_32x32_unsigned/Madd_p<703:640>46
   optimized to 0
LUT3 		alu/Mult_32x32_unsigned/Madd_p<703:640>47
   optimized to 0
LUT3 		alu/Mult_32x32_unsigned/Madd_p<703:640>48
   optimized to 0
LUT3 		alu/Mult_32x32_unsigned/Madd_p<703:640>49
   optimized to 0
LUT3 		alu/Mult_32x32_unsigned/Madd_p<703:640>5
   optimized to 0
LUT3 		alu/Mult_32x32_unsigned/Madd_p<703:640>50
   optimized to 0
LUT3 		alu/Mult_32x32_unsigned/Madd_p<703:640>51
   optimized to 0
LUT3 		alu/Mult_32x32_unsigned/Madd_p<703:640>52
   optimized to 0
LUT3 		alu/Mult_32x32_unsigned/Madd_p<703:640>53
   optimized to 0
LUT3 		alu/Mult_32x32_unsigned/Madd_p<703:640>54
   optimized to 0
LUT3 		alu/Mult_32x32_unsigned/Madd_p<703:640>55
   optimized to 0
LUT3 		alu/Mult_32x32_unsigned/Madd_p<703:640>56
   optimized to 0
LUT3 		alu/Mult_32x32_unsigned/Madd_p<703:640>57
   optimized to 0
LUT3 		alu/Mult_32x32_unsigned/Madd_p<703:640>58
   optimized to 0
LUT3 		alu/Mult_32x32_unsigned/Madd_p<703:640>59
   optimized to 0
LUT3 		alu/Mult_32x32_unsigned/Madd_p<703:640>6
   optimized to 0
LUT3 		alu/Mult_32x32_unsigned/Madd_p<703:640>60
   optimized to 0
LUT3 		alu/Mult_32x32_unsigned/Madd_p<703:640>61
   optimized to 0
LUT3 		alu/Mult_32x32_unsigned/Madd_p<703:640>62
   optimized to 0
LUT3 		alu/Mult_32x32_unsigned/Madd_p<703:640>7
   optimized to 0
LUT3 		alu/Mult_32x32_unsigned/Madd_p<703:640>8
   optimized to 0
LUT3 		alu/Mult_32x32_unsigned/Madd_p<831:768>1
   optimized to 0
LUT3 		alu/Mult_32x32_unsigned/Madd_p<831:768>10
   optimized to 0
LUT3 		alu/Mult_32x32_unsigned/Madd_p<831:768>2
   optimized to 0
LUT3 		alu/Mult_32x32_unsigned/Madd_p<831:768>3
   optimized to 0
LUT3 		alu/Mult_32x32_unsigned/Madd_p<831:768>4
   optimized to 0
LUT3 		alu/Mult_32x32_unsigned/Madd_p<831:768>44
   optimized to 0
LUT3 		alu/Mult_32x32_unsigned/Madd_p<831:768>45
   optimized to 0
LUT3 		alu/Mult_32x32_unsigned/Madd_p<831:768>46
   optimized to 0
LUT3 		alu/Mult_32x32_unsigned/Madd_p<831:768>47
   optimized to 0
LUT3 		alu/Mult_32x32_unsigned/Madd_p<831:768>48
   optimized to 0
LUT3 		alu/Mult_32x32_unsigned/Madd_p<831:768>49
   optimized to 0
LUT3 		alu/Mult_32x32_unsigned/Madd_p<831:768>5
   optimized to 0
LUT3 		alu/Mult_32x32_unsigned/Madd_p<831:768>50
   optimized to 0
LUT3 		alu/Mult_32x32_unsigned/Madd_p<831:768>51
   optimized to 0
LUT3 		alu/Mult_32x32_unsigned/Madd_p<831:768>52
   optimized to 0
LUT3 		alu/Mult_32x32_unsigned/Madd_p<831:768>53
   optimized to 0
LUT3 		alu/Mult_32x32_unsigned/Madd_p<831:768>54
   optimized to 0
LUT3 		alu/Mult_32x32_unsigned/Madd_p<831:768>55
   optimized to 0
LUT3 		alu/Mult_32x32_unsigned/Madd_p<831:768>56
   optimized to 0
LUT3 		alu/Mult_32x32_unsigned/Madd_p<831:768>57
   optimized to 0
LUT3 		alu/Mult_32x32_unsigned/Madd_p<831:768>58
   optimized to 0
LUT3 		alu/Mult_32x32_unsigned/Madd_p<831:768>59
   optimized to 0
LUT3 		alu/Mult_32x32_unsigned/Madd_p<831:768>6
   optimized to 0
LUT3 		alu/Mult_32x32_unsigned/Madd_p<831:768>60
   optimized to 0
LUT3 		alu/Mult_32x32_unsigned/Madd_p<831:768>61
   optimized to 0
LUT3 		alu/Mult_32x32_unsigned/Madd_p<831:768>62
   optimized to 0
LUT3 		alu/Mult_32x32_unsigned/Madd_p<831:768>7
   optimized to 0
LUT3 		alu/Mult_32x32_unsigned/Madd_p<831:768>8
   optimized to 0
LUT3 		alu/Mult_32x32_unsigned/Madd_p<831:768>9
   optimized to 0
LUT3 		alu/Mult_32x32_unsigned/Madd_p<959:896>1
   optimized to 0
LUT3 		alu/Mult_32x32_unsigned/Madd_p<959:896>10
   optimized to 0
LUT3 		alu/Mult_32x32_unsigned/Madd_p<959:896>11
   optimized to 0
LUT3 		alu/Mult_32x32_unsigned/Madd_p<959:896>12
   optimized to 0
LUT3 		alu/Mult_32x32_unsigned/Madd_p<959:896>2
   optimized to 0
LUT3 		alu/Mult_32x32_unsigned/Madd_p<959:896>3
   optimized to 0
LUT3 		alu/Mult_32x32_unsigned/Madd_p<959:896>4
   optimized to 0
LUT3 		alu/Mult_32x32_unsigned/Madd_p<959:896>46
   optimized to 0
LUT3 		alu/Mult_32x32_unsigned/Madd_p<959:896>47
   optimized to 0
LUT3 		alu/Mult_32x32_unsigned/Madd_p<959:896>48
   optimized to 0
LUT3 		alu/Mult_32x32_unsigned/Madd_p<959:896>49
   optimized to 0
LUT3 		alu/Mult_32x32_unsigned/Madd_p<959:896>5
   optimized to 0
LUT3 		alu/Mult_32x32_unsigned/Madd_p<959:896>50
   optimized to 0
LUT3 		alu/Mult_32x32_unsigned/Madd_p<959:896>51
   optimized to 0
LUT3 		alu/Mult_32x32_unsigned/Madd_p<959:896>52
   optimized to 0
LUT3 		alu/Mult_32x32_unsigned/Madd_p<959:896>53
   optimized to 0
LUT3 		alu/Mult_32x32_unsigned/Madd_p<959:896>54
   optimized to 0
LUT3 		alu/Mult_32x32_unsigned/Madd_p<959:896>55
   optimized to 0
LUT3 		alu/Mult_32x32_unsigned/Madd_p<959:896>56
   optimized to 0
LUT3 		alu/Mult_32x32_unsigned/Madd_p<959:896>57
   optimized to 0
LUT3 		alu/Mult_32x32_unsigned/Madd_p<959:896>58
   optimized to 0
LUT3 		alu/Mult_32x32_unsigned/Madd_p<959:896>59
   optimized to 0
LUT3 		alu/Mult_32x32_unsigned/Madd_p<959:896>6
   optimized to 0
LUT3 		alu/Mult_32x32_unsigned/Madd_p<959:896>60
   optimized to 0
LUT3 		alu/Mult_32x32_unsigned/Madd_p<959:896>61
   optimized to 0
LUT3 		alu/Mult_32x32_unsigned/Madd_p<959:896>62
   optimized to 0
LUT3 		alu/Mult_32x32_unsigned/Madd_p<959:896>7
   optimized to 0
LUT3 		alu/Mult_32x32_unsigned/Madd_p<959:896>8
   optimized to 0
LUT3 		alu/Mult_32x32_unsigned/Madd_p<959:896>9
   optimized to 0

To enable printing of redundant blocks removed and signals merged, set the
detailed map report option and rerun map.

Section 6 - IOB Properties
--------------------------

+---------------------------------------------------------------------------------------------------------------------------------------------------------+
| IOB Name                           | Type             | Direction | IO Standard          | Diff  | Drive    | Slew | Reg (s)      | Resistor | IOB      |
|                                    |                  |           |                      | Term  | Strength | Rate |              |          | Delay    |
+---------------------------------------------------------------------------------------------------------------------------------------------------------+
| clk                                | IOB33            | INPUT     | LVCMOS33             |       |          |      |              |          |          |
| reset                              | IOB33            | INPUT     | LVCMOS33             |       |          |      |              |          |          |
| routa<0>                           | IOB33            | OUTPUT    | LVCMOS33             |       | 12       | SLOW |              |          |          |
| routa<1>                           | IOB33            | OUTPUT    | LVCMOS33             |       | 12       | SLOW |              |          |          |
| routa<2>                           | IOB33            | OUTPUT    | LVCMOS33             |       | 12       | SLOW |              |          |          |
| routa<3>                           | IOB33            | OUTPUT    | LVCMOS33             |       | 12       | SLOW |              |          |          |
| routa<4>                           | IOB33            | OUTPUT    | LVCMOS33             |       | 12       | SLOW |              |          |          |
| routa<5>                           | IOB33            | OUTPUT    | LVCMOS33             |       | 12       | SLOW |              |          |          |
| routa<6>                           | IOB33            | OUTPUT    | LVCMOS33             |       | 12       | SLOW |              |          |          |
| routa<7>                           | IOB33            | OUTPUT    | LVCMOS33             |       | 12       | SLOW |              |          |          |
| routa<8>                           | IOB33            | OUTPUT    | LVCMOS33             |       | 12       | SLOW |              |          |          |
| routa<9>                           | IOB33            | OUTPUT    | LVCMOS33             |       | 12       | SLOW |              |          |          |
| routa<10>                          | IOB33            | OUTPUT    | LVCMOS33             |       | 12       | SLOW |              |          |          |
| routa<11>                          | IOB33            | OUTPUT    | LVCMOS33             |       | 12       | SLOW |              |          |          |
| routa<12>                          | IOB33            | OUTPUT    | LVCMOS33             |       | 12       | SLOW |              |          |          |
| routa<13>                          | IOB33            | OUTPUT    | LVCMOS33             |       | 12       | SLOW |              |          |          |
| routa<14>                          | IOB33            | OUTPUT    | LVCMOS33             |       | 12       | SLOW |              |          |          |
| routa<15>                          | IOB33            | OUTPUT    | LVCMOS33             |       | 12       | SLOW |              |          |          |
+---------------------------------------------------------------------------------------------------------------------------------------------------------+

Section 7 - RPMs
----------------

Section 8 - Guide Report
------------------------
Guide not run on this design.

Section 9 - Area Group and Partition Summary
--------------------------------------------

Partition Implementation Status
-------------------------------

  No Partitions were found in this design.

-------------------------------

Area Group Information
----------------------

  No area groups were found in this design.

----------------------

Section 10 - Timing Report
--------------------------
A logic-level (pre-route) timing report can be generated by using Xilinx static
timing analysis tools, Timing Analyzer (GUI) or TRCE (command line), with the
mapped NCD and PCF files. Please note that this timing report will be generated
using estimated delay information. For accurate numbers, please generate a
timing report with the post Place and Route NCD file.

For more information about the Timing Analyzer, consult the Xilinx Timing
Analyzer Reference Manual; for more information about TRCE, consult the Xilinx
Command Line Tools User Guide "TRACE" chapter.

Section 11 - Configuration String Details
-----------------------------------------
Use the "-detail" map option to print out Configuration Strings

Section 12 - Control Set Information
------------------------------------
Use the "-detail" map option to print out Control Set Information.

Section 13 - Utilization by Hierarchy
-------------------------------------
Use the "-detail" map option to print out the Utilization by Hierarchy section.
