Command line:
   writeAddress_tb_isim_beh.exe
     -simmode  gui
     -simrunnum  0
     -socket  50545

Fri Nov 08 15:17:18 2019


 Elaboration Time: 0.0625 sec

 Current Memory Usage: 5160.46 Meg

 Total Signals          : 25
 Total Nets             : 228
 Total Signal Drivers   : 17
 Total Blocks           : 3
 Total Primitive Blocks : 2
 Total Processes        : 21
 Total Traceable Variables  : 30
 Total Scalar Nets and Variables : 523
Total Line Count : 91

 Total Simulation Time: 0.0625 sec

 Current Memory Usage: 5160.46 Meg

Fri Nov 08 15:17:21 2019

