Command line:
   regBank_tb_isim_beh.exe
     -simmode  gui
     -simrunnum  0
     -socket  50543

Fri Nov 08 15:17:03 2019


 Elaboration Time: 0.078125 sec

 Current Memory Usage: 5160.43 Meg

 Total Signals          : 27
 Total Nets             : 255
 Total Signal Drivers   : 16
 Total Blocks           : 3
 Total Primitive Blocks : 2
 Total Processes        : 22
 Total Traceable Variables  : 31
 Total Scalar Nets and Variables : 1519
Total Line Count : 63

 Total Simulation Time: 0.109375 sec

 Current Memory Usage: 5160.43 Meg

Fri Nov 08 15:17:09 2019

