Command line:
   InstrFetch_tb_isim_beh.exe
     -simmode  gui
     -simrunnum  0
     -socket  50432

Fri Nov 08 15:05:22 2019


 Elaboration Time: 0.046875 sec

 Current Memory Usage: 5159.92 Meg

 Total Signals          : 170
 Total Nets             : 748
 Total Signal Drivers   : 74
 Total Blocks           : 20
 Total Primitive Blocks : 15
 Total Processes        : 89
 Total Traceable Variables  : 342
 Total Scalar Nets and Variables : 28170
Total Line Count : 468

 Total Simulation Time: 0.125 sec

 Current Memory Usage: 5474.49 Meg

Fri Nov 08 15:06:07 2019

