Command line:
   branch_tb_isim_beh.exe
     -simmode  gui
     -simrunnum  0
     -socket  50596

Fri Nov 08 15:22:04 2019


 Elaboration Time: 0.046875 sec

 Current Memory Usage: 5159.89 Meg

 Total Signals          : 24
 Total Nets             : 81
 Total Signal Drivers   : 16
 Total Blocks           : 3
 Total Primitive Blocks : 2
 Total Processes        : 20
 Total Traceable Variables  : 29
 Total Scalar Nets and Variables : 229
Total Line Count : 151

 Total Simulation Time: 0.078125 sec

 Current Memory Usage: 5159.89 Meg

Fri Nov 08 15:22:09 2019

